2026-02-26 16:28:29,866 - __main__ - INFO - ================================================================================
2026-02-26 16:28:29,867 - __main__ - INFO - NLP INDEXING PIPELINE - AUTOMATED RUNNER
2026-02-26 16:28:29,868 - __main__ - INFO - ================================================================================
2026-02-26 16:28:29,869 - backend.app.pipeline.reproducibility - INFO - Setting random seed to 42 for reproducibility
2026-02-26 16:28:30,005 - backend.app.pipeline.reproducibility - INFO - PyTorch random seeds fixed
2026-02-26 16:28:44,614 - backend.app.pipeline.reproducibility - INFO - TensorFlow random seed fixed
2026-02-26 16:28:44,615 - __main__ - INFO - Random seed set to 42 for reproducibility
2026-02-26 16:28:44,804 - backend.app.pipeline.reproducibility - INFO - System and Library Versions:
2026-02-26 16:28:44,828 - backend.app.pipeline.reproducibility - INFO -   - python_version: 3.13.5
2026-02-26 16:28:44,831 - backend.app.pipeline.reproducibility - INFO -   - platform: Windows-11-10.0.26100-SP0
2026-02-26 16:28:44,838 - backend.app.pipeline.reproducibility - INFO -   - numpy: 2.3.5
2026-02-26 16:28:44,839 - backend.app.pipeline.reproducibility - INFO -   - pandas: 2.3.3
2026-02-26 16:28:44,872 - backend.app.pipeline.reproducibility - INFO -   - torch: 2.10.0+cpu
2026-02-26 16:28:44,907 - backend.app.pipeline.reproducibility - INFO -   - tensorflow: 2.20.0
2026-02-26 16:28:44,926 - backend.app.pipeline.reproducibility - INFO -   - scikit-learn: 1.7.2
2026-02-26 16:28:44,959 - backend.app.pipeline.reproducibility - INFO -   - sentence-transformers: 5.2.3
2026-02-26 16:28:44,964 - backend.app.pipeline.reproducibility - INFO -   - faiss: 1.13.2
2026-02-26 16:28:44,965 - backend.app.pipeline.reproducibility - INFO -   - transformers: 5.2.0
2026-02-26 16:28:44,967 - __main__ - INFO - 
================================================================================
2026-02-26 16:28:44,968 - __main__ - INFO - [Step 0] Metadata generation/repair
2026-02-26 16:28:44,969 - __main__ - INFO - ================================================================================
2026-02-26 16:28:44,978 - backend.app.pipeline.metadata - INFO - Found 173 PDF files in C:\Users\USER\Desktop\NLP Data\Collected_Data
2026-02-26 16:28:45,258 - backend.app.pipeline.metadata - INFO - Loaded existing metadata with 173 rows
2026-02-26 16:28:45,300 - backend.app.pipeline.metadata - INFO - Final metadata has 173 entries
2026-02-26 16:28:45,409 - __main__ - INFO - ✓ Metadata saved to C:\Users\USER\Desktop\NLP Data\data\metadata.csv (173 documents)
2026-02-26 16:28:45,471 - __main__ - INFO - 
================================================================================
2026-02-26 16:28:45,471 - __main__ - INFO - [Step 1] PDF text extraction
2026-02-26 16:28:45,471 - __main__ - INFO - ================================================================================
2026-02-26 16:34:09,831 - backend.app.pipeline.extraction - WARNING - Extraction issue for DOC0047: Both extractors failed
2026-02-26 16:34:14,149 - backend.app.pipeline.extraction - WARNING - Extraction issue for DOC0054: Both extractors failed
2026-02-26 16:34:37,821 - backend.app.pipeline.extraction - WARNING - Extraction issue for DOC0062: Both extractors failed
2026-02-26 16:34:56,058 - backend.app.pipeline.extraction - WARNING - Extraction issue for DOC0063: Both extractors failed
2026-02-26 16:36:15,925 - backend.app.pipeline.extraction - WARNING - Extraction issue for DOC0133: Both extractors failed
2026-02-26 16:36:43,263 - backend.app.pipeline.extraction - INFO - Extraction complete: 168/173 successful
2026-02-26 16:36:43,388 - __main__ - INFO - ✓ Extraction completed: 168/173 successful
2026-02-26 16:36:43,389 - __main__ - INFO - 
================================================================================
2026-02-26 16:36:43,390 - __main__ - INFO - [Step 2] Text cleaning and normalization
2026-02-26 16:36:43,391 - __main__ - INFO - ================================================================================
2026-02-26 16:36:43,392 - backend.app.pipeline.cleaning - INFO - Cleaning text for DOC0001...
2026-02-26 16:36:43,407 - backend.app.pipeline.cleaning - INFO - Cleaned DOC0001: 1512 -> 792 words
2026-02-26 16:36:43,408 - backend.app.pipeline.cleaning - INFO - Cleaning text for DOC0002...
2026-02-26 16:36:43,544 - backend.app.pipeline.cleaning - INFO - Cleaned DOC0002: 8909 -> 8696 words
2026-02-26 16:36:43,545 - backend.app.pipeline.cleaning - INFO - Cleaning text for DOC0003...
2026-02-26 16:36:43,605 - backend.app.pipeline.cleaning - INFO - Cleaned DOC0003: 8643 -> 8496 words
2026-02-26 16:36:43,605 - backend.app.pipeline.cleaning - INFO - Abstract extracted for DOC0003
2026-02-26 16:36:43,606 - backend.app.pipeline.cleaning - INFO - Cleaning text for DOC0004...
2026-02-26 16:36:43,675 - backend.app.pipeline.cleaning - INFO - Cleaned DOC0004: 10311 -> 8396 words
2026-02-26 16:36:43,677 - backend.app.pipeline.cleaning - INFO - Cleaning text for DOC0005...
2026-02-26 16:36:43,751 - backend.app.pipeline.cleaning - INFO - Cleaned DOC0005: 6855 -> 6424 words
2026-02-26 16:36:43,752 - backend.app.pipeline.cleaning - INFO - Cleaning text for DOC0006...
2026-02-26 16:36:43,825 - backend.app.pipeline.cleaning - INFO - Cleaned DOC0006: 6855 -> 6424 words
2026-02-26 16:36:43,826 - backend.app.pipeline.cleaning - INFO - Cleaning text for DOC0007...
2026-02-26 16:36:43,899 - backend.app.pipeline.cleaning - INFO - Cleaned DOC0007: 9281 -> 9213 words
2026-02-26 16:36:43,900 - backend.app.pipeline.cleaning - INFO - Cleaning text for DOC0008...
2026-02-26 16:36:43,955 - backend.app.pipeline.cleaning - INFO - Cleaned DOC0008: 11859 -> 11725 words
2026-02-26 16:36:43,955 - backend.app.pipeline.cleaning - INFO - Abstract extracted for DOC0008
2026-02-26 16:36:43,956 - backend.app.pipeline.cleaning - INFO - Cleaning text for DOC0009...
2026-02-26 16:36:44,006 - backend.app.pipeline.cleaning - INFO - Cleaned DOC0009: 10043 -> 9924 words
2026-02-26 16:36:44,007 - backend.app.pipeline.cleaning - INFO - Abstract extracted for DOC0009
2026-02-26 16:36:44,007 - backend.app.pipeline.cleaning - INFO - Cleaning text for DOC0010...
2026-02-26 16:36:44,063 - backend.app.pipeline.cleaning - INFO - Cleaned DOC0010: 9562 -> 9495 words
2026-02-26 16:36:44,064 - backend.app.pipeline.cleaning - INFO - Abstract extracted for DOC0010
2026-02-26 16:36:44,064 - backend.app.pipeline.cleaning - INFO - Cleaning text for DOC0011...
2026-02-26 16:36:44,135 - backend.app.pipeline.cleaning - INFO - Cleaned DOC0011: 10253 -> 10201 words
2026-02-26 16:36:44,136 - backend.app.pipeline.cleaning - INFO - Cleaning text for DOC0012...
2026-02-26 16:36:44,192 - backend.app.pipeline.cleaning - INFO - Cleaned DOC0012: 11651 -> 11345 words
2026-02-26 16:36:44,193 - backend.app.pipeline.cleaning - INFO - Cleaning text for DOC0013...
2026-02-26 16:36:44,240 - backend.app.pipeline.cleaning - INFO - Cleaned DOC0013: 8842 -> 7591 words
2026-02-26 16:36:44,241 - backend.app.pipeline.cleaning - INFO - Cleaning text for DOC0014...
2026-02-26 16:36:44,345 - backend.app.pipeline.cleaning - INFO - Cleaned DOC0014: 13429 -> 13220 words
2026-02-26 16:36:44,352 - backend.app.pipeline.cleaning - INFO - Cleaning text for DOC0015...
2026-02-26 16:36:44,428 - backend.app.pipeline.cleaning - INFO - Cleaned DOC0015: 14160 -> 13522 words
2026-02-26 16:36:44,429 - backend.app.pipeline.cleaning - INFO - Cleaning text for DOC0016...
2026-02-26 16:36:44,541 - backend.app.pipeline.cleaning - INFO - Cleaned DOC0016: 10579 -> 10494 words
2026-02-26 16:36:44,543 - backend.app.pipeline.cleaning - INFO - Abstract extracted for DOC0016
2026-02-26 16:36:44,544 - backend.app.pipeline.cleaning - INFO - Cleaning text for DOC0017...
2026-02-26 16:36:44,599 - backend.app.pipeline.cleaning - INFO - Cleaned DOC0017: 8303 -> 8176 words
2026-02-26 16:36:44,599 - backend.app.pipeline.cleaning - INFO - Cleaning text for DOC0018...
2026-02-26 16:36:44,630 - backend.app.pipeline.cleaning - INFO - Cleaned DOC0018: 5874 -> 5829 words
2026-02-26 16:36:44,631 - backend.app.pipeline.cleaning - INFO - Cleaning text for DOC0019...
2026-02-26 16:36:44,695 - backend.app.pipeline.cleaning - INFO - Cleaned DOC0019: 9697 -> 9508 words
2026-02-26 16:36:44,696 - backend.app.pipeline.cleaning - INFO - Abstract extracted for DOC0019
2026-02-26 16:36:44,696 - backend.app.pipeline.cleaning - INFO - Cleaning text for DOC0020...
2026-02-26 16:36:44,822 - backend.app.pipeline.cleaning - INFO - Cleaned DOC0020: 11219 -> 11167 words
2026-02-26 16:36:44,825 - backend.app.pipeline.cleaning - INFO - Cleaning text for DOC0021...
2026-02-26 16:36:44,928 - backend.app.pipeline.cleaning - INFO - Cleaned DOC0021: 11227 -> 11144 words
2026-02-26 16:36:44,929 - backend.app.pipeline.cleaning - INFO - Cleaning text for DOC0022...
2026-02-26 16:36:45,065 - backend.app.pipeline.cleaning - INFO - Cleaned DOC0022: 9836 -> 8772 words
2026-02-26 16:36:45,066 - backend.app.pipeline.cleaning - INFO - Cleaning text for DOC0023...
2026-02-26 16:36:45,127 - backend.app.pipeline.cleaning - INFO - Cleaned DOC0023: 10045 -> 511 words
2026-02-26 16:36:45,128 - backend.app.pipeline.cleaning - INFO - Cleaning text for DOC0024...
2026-02-26 16:36:45,373 - backend.app.pipeline.cleaning - INFO - Cleaned DOC0024: 11156 -> 8356 words
2026-02-26 16:36:45,380 - backend.app.pipeline.cleaning - INFO - Cleaning text for DOC0025...
2026-02-26 16:36:45,479 - backend.app.pipeline.cleaning - INFO - Cleaned DOC0025: 9073 -> 7135 words
2026-02-26 16:36:45,481 - backend.app.pipeline.cleaning - INFO - Cleaning text for DOC0026...
2026-02-26 16:36:45,566 - backend.app.pipeline.cleaning - INFO - Cleaned DOC0026: 8181 -> 7088 words
2026-02-26 16:36:45,567 - backend.app.pipeline.cleaning - INFO - Cleaning text for DOC0027...
2026-02-26 16:36:45,639 - backend.app.pipeline.cleaning - INFO - Cleaned DOC0027: 8130 -> 7983 words
2026-02-26 16:36:45,641 - backend.app.pipeline.cleaning - INFO - Cleaning text for DOC0028...
2026-02-26 16:36:45,822 - backend.app.pipeline.cleaning - INFO - Cleaned DOC0028: 16329 -> 16127 words
2026-02-26 16:36:45,824 - backend.app.pipeline.cleaning - INFO - Cleaning text for DOC0029...
2026-02-26 16:36:46,021 - backend.app.pipeline.cleaning - INFO - Cleaned DOC0029: 8481 -> 7371 words
2026-02-26 16:36:46,026 - backend.app.pipeline.cleaning - INFO - Cleaning text for DOC0030...
2026-02-26 16:36:46,162 - backend.app.pipeline.cleaning - INFO - Cleaned DOC0030: 9739 -> 9695 words
2026-02-26 16:36:46,163 - backend.app.pipeline.cleaning - INFO - Cleaning text for DOC0031...
2026-02-26 16:36:46,486 - backend.app.pipeline.cleaning - INFO - Cleaned DOC0031: 9482 -> 8725 words
2026-02-26 16:36:46,489 - backend.app.pipeline.cleaning - INFO - Cleaning text for DOC0032...
2026-02-26 16:36:46,855 - backend.app.pipeline.cleaning - INFO - Cleaned DOC0032: 10713 -> 10501 words
2026-02-26 16:36:46,856 - backend.app.pipeline.cleaning - INFO - Cleaning text for DOC0033...
2026-02-26 16:36:46,937 - backend.app.pipeline.cleaning - INFO - Cleaned DOC0033: 9024 -> 8351 words
2026-02-26 16:36:46,938 - backend.app.pipeline.cleaning - INFO - Cleaning text for DOC0034...
2026-02-26 16:36:47,115 - backend.app.pipeline.cleaning - INFO - Cleaned DOC0034: 10787 -> 10205 words
2026-02-26 16:36:47,118 - backend.app.pipeline.cleaning - INFO - Cleaning text for DOC0035...
2026-02-26 16:36:47,264 - backend.app.pipeline.cleaning - INFO - Cleaned DOC0035: 10859 -> 10801 words
2026-02-26 16:36:47,265 - backend.app.pipeline.cleaning - INFO - Cleaning text for DOC0036...
2026-02-26 16:36:47,431 - backend.app.pipeline.cleaning - INFO - Cleaned DOC0036: 8571 -> 8372 words
2026-02-26 16:36:47,435 - backend.app.pipeline.cleaning - INFO - Cleaning text for DOC0037...
2026-02-26 16:36:47,524 - backend.app.pipeline.cleaning - INFO - Cleaned DOC0037: 9342 -> 9098 words
2026-02-26 16:36:47,526 - backend.app.pipeline.cleaning - INFO - Abstract extracted for DOC0037
2026-02-26 16:36:47,527 - backend.app.pipeline.cleaning - INFO - Cleaning text for DOC0038...
2026-02-26 16:36:47,545 - backend.app.pipeline.cleaning - INFO - Cleaned DOC0038: 1858 -> 1098 words
2026-02-26 16:36:47,546 - backend.app.pipeline.cleaning - INFO - Cleaning text for DOC0039...
2026-02-26 16:36:47,560 - backend.app.pipeline.cleaning - INFO - Cleaned DOC0039: 1955 -> 919 words
2026-02-26 16:36:47,562 - backend.app.pipeline.cleaning - INFO - Cleaning text for DOC0040...
2026-02-26 16:36:47,686 - backend.app.pipeline.cleaning - INFO - Cleaned DOC0040: 10849 -> 8787 words
2026-02-26 16:36:47,687 - backend.app.pipeline.cleaning - INFO - Cleaning text for DOC0041...
2026-02-26 16:36:47,728 - backend.app.pipeline.cleaning - INFO - Cleaned DOC0041: 5103 -> 4661 words
2026-02-26 16:36:47,738 - backend.app.pipeline.cleaning - INFO - Cleaning text for DOC0042...
2026-02-26 16:36:47,873 - backend.app.pipeline.cleaning - INFO - Cleaned DOC0042: 8691 -> 8670 words
2026-02-26 16:36:47,877 - backend.app.pipeline.cleaning - INFO - Abstract extracted for DOC0042
2026-02-26 16:36:47,883 - backend.app.pipeline.cleaning - INFO - Cleaning text for DOC0043...
2026-02-26 16:36:48,056 - backend.app.pipeline.cleaning - INFO - Cleaned DOC0043: 21941 -> 21416 words
2026-02-26 16:36:48,058 - backend.app.pipeline.cleaning - INFO - Cleaning text for DOC0044...
2026-02-26 16:36:48,068 - backend.app.pipeline.cleaning - INFO - Cleaned DOC0044: 781 -> 734 words
2026-02-26 16:36:48,070 - backend.app.pipeline.cleaning - INFO - Cleaning text for DOC0045...
2026-02-26 16:36:48,211 - backend.app.pipeline.cleaning - INFO - Cleaned DOC0045: 13369 -> 13291 words
2026-02-26 16:36:48,213 - backend.app.pipeline.cleaning - INFO - Abstract extracted for DOC0045
2026-02-26 16:36:48,217 - backend.app.pipeline.cleaning - INFO - Cleaning text for DOC0046...
2026-02-26 16:36:48,326 - backend.app.pipeline.cleaning - INFO - Cleaned DOC0046: 8632 -> 8587 words
2026-02-26 16:36:48,327 - backend.app.pipeline.cleaning - INFO - Cleaning text for DOC0047...
2026-02-26 16:36:48,329 - backend.app.pipeline.cleaning - INFO - Cleaned DOC0047: 0 -> 0 words
2026-02-26 16:36:48,334 - backend.app.pipeline.cleaning - INFO - Cleaning text for DOC0048...
2026-02-26 16:36:48,428 - backend.app.pipeline.cleaning - INFO - Cleaned DOC0048: 8013 -> 7949 words
2026-02-26 16:36:48,429 - backend.app.pipeline.cleaning - INFO - Cleaning text for DOC0049...
2026-02-26 16:36:48,493 - backend.app.pipeline.cleaning - INFO - Cleaned DOC0049: 7662 -> 6858 words
2026-02-26 16:36:48,494 - backend.app.pipeline.cleaning - INFO - Cleaning text for DOC0050...
2026-02-26 16:36:48,526 - backend.app.pipeline.cleaning - INFO - Cleaned DOC0050: 1297 -> 1183 words
2026-02-26 16:36:48,527 - backend.app.pipeline.cleaning - INFO - Cleaning text for DOC0051...
2026-02-26 16:36:48,624 - backend.app.pipeline.cleaning - INFO - Cleaned DOC0051: 10873 -> 10745 words
2026-02-26 16:36:48,625 - backend.app.pipeline.cleaning - INFO - Cleaning text for DOC0052...
2026-02-26 16:36:48,665 - backend.app.pipeline.cleaning - INFO - Cleaned DOC0052: 1765 -> 944 words
2026-02-26 16:36:48,665 - backend.app.pipeline.cleaning - INFO - Cleaning text for DOC0053...
2026-02-26 16:36:48,673 - backend.app.pipeline.cleaning - INFO - Cleaned DOC0053: 558 -> 232 words
2026-02-26 16:36:48,674 - backend.app.pipeline.cleaning - INFO - Cleaning text for DOC0054...
2026-02-26 16:36:48,677 - backend.app.pipeline.cleaning - INFO - Cleaned DOC0054: 0 -> 0 words
2026-02-26 16:36:48,677 - backend.app.pipeline.cleaning - INFO - Cleaning text for DOC0055...
2026-02-26 16:36:48,688 - backend.app.pipeline.cleaning - INFO - Cleaned DOC0055: 607 -> 598 words
2026-02-26 16:36:48,689 - backend.app.pipeline.cleaning - INFO - Cleaning text for DOC0056...
2026-02-26 16:36:48,703 - backend.app.pipeline.cleaning - INFO - Cleaned DOC0056: 3 -> 0 words
2026-02-26 16:36:48,703 - backend.app.pipeline.cleaning - INFO - Cleaning text for DOC0057...
2026-02-26 16:36:48,716 - backend.app.pipeline.cleaning - INFO - Cleaned DOC0057: 1022 -> 1004 words
2026-02-26 16:36:48,719 - backend.app.pipeline.cleaning - INFO - Cleaning text for DOC0058...
2026-02-26 16:36:48,794 - backend.app.pipeline.cleaning - INFO - Cleaned DOC0058: 7773 -> 6498 words
2026-02-26 16:36:48,795 - backend.app.pipeline.cleaning - INFO - Cleaning text for DOC0059...
2026-02-26 16:36:48,944 - backend.app.pipeline.cleaning - INFO - Cleaned DOC0059: 11875 -> 8778 words
2026-02-26 16:36:48,946 - backend.app.pipeline.cleaning - INFO - Abstract extracted for DOC0059
2026-02-26 16:36:48,948 - backend.app.pipeline.cleaning - INFO - Cleaning text for DOC0060...
2026-02-26 16:36:48,954 - backend.app.pipeline.cleaning - INFO - Cleaned DOC0060: 55 -> 55 words
2026-02-26 16:36:48,956 - backend.app.pipeline.cleaning - INFO - Cleaning text for DOC0061...
2026-02-26 16:36:49,002 - backend.app.pipeline.cleaning - INFO - Cleaned DOC0061: 1486 -> 726 words
2026-02-26 16:36:49,004 - backend.app.pipeline.cleaning - INFO - Cleaning text for DOC0062...
2026-02-26 16:36:49,006 - backend.app.pipeline.cleaning - INFO - Cleaned DOC0062: 0 -> 0 words
2026-02-26 16:36:49,010 - backend.app.pipeline.cleaning - INFO - Cleaning text for DOC0063...
2026-02-26 16:36:49,013 - backend.app.pipeline.cleaning - INFO - Cleaned DOC0063: 0 -> 0 words
2026-02-26 16:36:49,015 - backend.app.pipeline.cleaning - INFO - Cleaning text for DOC0064...
2026-02-26 16:36:49,189 - backend.app.pipeline.cleaning - INFO - Cleaned DOC0064: 10772 -> 10626 words
2026-02-26 16:36:49,190 - backend.app.pipeline.cleaning - INFO - Cleaning text for DOC0065...
2026-02-26 16:36:49,509 - backend.app.pipeline.cleaning - INFO - Cleaned DOC0065: 13600 -> 13474 words
2026-02-26 16:36:49,511 - backend.app.pipeline.cleaning - INFO - Abstract extracted for DOC0065
2026-02-26 16:36:49,511 - backend.app.pipeline.cleaning - INFO - Cleaning text for DOC0066...
2026-02-26 16:36:49,542 - backend.app.pipeline.cleaning - INFO - Cleaned DOC0066: 1056 -> 1043 words
2026-02-26 16:36:49,545 - backend.app.pipeline.cleaning - INFO - Abstract extracted for DOC0066
2026-02-26 16:36:49,549 - backend.app.pipeline.cleaning - INFO - Cleaning text for DOC0067...
2026-02-26 16:36:49,775 - backend.app.pipeline.cleaning - INFO - Cleaned DOC0067: 10086 -> 8038 words
2026-02-26 16:36:49,784 - backend.app.pipeline.cleaning - INFO - Cleaning text for DOC0068...
2026-02-26 16:36:50,274 - backend.app.pipeline.cleaning - INFO - Cleaned DOC0068: 5644 -> 4863 words
2026-02-26 16:36:50,282 - backend.app.pipeline.cleaning - INFO - Cleaning text for DOC0069...
2026-02-26 16:36:50,377 - backend.app.pipeline.cleaning - INFO - Cleaned DOC0069: 12371 -> 11413 words
2026-02-26 16:36:50,378 - backend.app.pipeline.cleaning - INFO - Cleaning text for DOC0070...
2026-02-26 16:36:50,437 - backend.app.pipeline.cleaning - INFO - Cleaned DOC0070: 1272 -> 1272 words
2026-02-26 16:36:50,441 - backend.app.pipeline.cleaning - INFO - Cleaning text for DOC0071...
2026-02-26 16:36:50,760 - backend.app.pipeline.cleaning - INFO - Cleaned DOC0071: 10734 -> 10506 words
2026-02-26 16:36:50,761 - backend.app.pipeline.cleaning - INFO - Abstract extracted for DOC0071
2026-02-26 16:36:50,764 - backend.app.pipeline.cleaning - INFO - Cleaning text for DOC0072...
2026-02-26 16:36:51,284 - backend.app.pipeline.cleaning - INFO - Cleaned DOC0072: 13466 -> 13259 words
2026-02-26 16:36:51,298 - backend.app.pipeline.cleaning - INFO - Cleaning text for DOC0073...
2026-02-26 16:36:51,471 - backend.app.pipeline.cleaning - INFO - Cleaned DOC0073: 9323 -> 8090 words
2026-02-26 16:36:51,473 - backend.app.pipeline.cleaning - INFO - Cleaning text for DOC0074...
2026-02-26 16:36:53,032 - backend.app.pipeline.cleaning - INFO - Cleaned DOC0074: 10945 -> 10269 words
2026-02-26 16:36:53,041 - backend.app.pipeline.cleaning - INFO - Cleaning text for DOC0075...
2026-02-26 16:36:53,307 - backend.app.pipeline.cleaning - INFO - Cleaned DOC0075: 7588 -> 7530 words
2026-02-26 16:36:53,308 - backend.app.pipeline.cleaning - INFO - Cleaning text for DOC0076...
2026-02-26 16:36:53,421 - backend.app.pipeline.cleaning - INFO - Cleaned DOC0076: 6757 -> 6028 words
2026-02-26 16:36:53,422 - backend.app.pipeline.cleaning - INFO - Cleaning text for DOC0077...
2026-02-26 16:36:53,705 - backend.app.pipeline.cleaning - INFO - Cleaned DOC0077: 8579 -> 8481 words
2026-02-26 16:36:53,708 - backend.app.pipeline.cleaning - INFO - Cleaning text for DOC0078...
2026-02-26 16:36:53,921 - backend.app.pipeline.cleaning - INFO - Cleaned DOC0078: 7679 -> 6776 words
2026-02-26 16:36:53,922 - backend.app.pipeline.cleaning - INFO - Cleaning text for DOC0079...
2026-02-26 16:36:54,034 - backend.app.pipeline.cleaning - INFO - Cleaned DOC0079: 9166 -> 8935 words
2026-02-26 16:36:54,035 - backend.app.pipeline.cleaning - INFO - Abstract extracted for DOC0079
2026-02-26 16:36:54,037 - backend.app.pipeline.cleaning - INFO - Cleaning text for DOC0080...
2026-02-26 16:36:54,373 - backend.app.pipeline.cleaning - INFO - Cleaned DOC0080: 14725 -> 14682 words
2026-02-26 16:36:54,374 - backend.app.pipeline.cleaning - INFO - Abstract extracted for DOC0080
2026-02-26 16:36:54,374 - backend.app.pipeline.cleaning - INFO - Cleaning text for DOC0081...
2026-02-26 16:36:54,452 - backend.app.pipeline.cleaning - INFO - Cleaned DOC0081: 4806 -> 4519 words
2026-02-26 16:36:54,502 - backend.app.pipeline.cleaning - INFO - Cleaning text for DOC0082...
2026-02-26 16:36:54,811 - backend.app.pipeline.cleaning - INFO - Cleaned DOC0082: 9250 -> 9069 words
2026-02-26 16:36:54,825 - backend.app.pipeline.cleaning - INFO - Abstract extracted for DOC0082
2026-02-26 16:36:54,831 - backend.app.pipeline.cleaning - INFO - Cleaning text for DOC0083...
2026-02-26 16:36:55,163 - backend.app.pipeline.cleaning - INFO - Cleaned DOC0083: 11876 -> 11360 words
2026-02-26 16:36:55,166 - backend.app.pipeline.cleaning - INFO - Cleaning text for DOC0084...
2026-02-26 16:36:55,595 - backend.app.pipeline.cleaning - INFO - Cleaned DOC0084: 8312 -> 8261 words
2026-02-26 16:36:55,612 - backend.app.pipeline.cleaning - INFO - Cleaning text for DOC0085...
2026-02-26 16:36:55,996 - backend.app.pipeline.cleaning - INFO - Cleaned DOC0085: 11350 -> 11268 words
2026-02-26 16:36:55,997 - backend.app.pipeline.cleaning - INFO - Cleaning text for DOC0086...
2026-02-26 16:36:56,049 - backend.app.pipeline.cleaning - INFO - Cleaned DOC0086: 8807 -> 8694 words
2026-02-26 16:36:56,050 - backend.app.pipeline.cleaning - INFO - Cleaning text for DOC0087...
2026-02-26 16:36:56,111 - backend.app.pipeline.cleaning - INFO - Cleaned DOC0087: 8504 -> 7000 words
2026-02-26 16:36:56,111 - backend.app.pipeline.cleaning - INFO - Cleaning text for DOC0088...
2026-02-26 16:36:56,197 - backend.app.pipeline.cleaning - INFO - Cleaned DOC0088: 12203 -> 12090 words
2026-02-26 16:36:56,197 - backend.app.pipeline.cleaning - INFO - Cleaning text for DOC0089...
2026-02-26 16:36:56,475 - backend.app.pipeline.cleaning - INFO - Cleaned DOC0089: 12737 -> 12735 words
2026-02-26 16:36:56,481 - backend.app.pipeline.cleaning - INFO - Cleaning text for DOC0090...
2026-02-26 16:36:56,560 - backend.app.pipeline.cleaning - INFO - Cleaned DOC0090: 4654 -> 3958 words
2026-02-26 16:36:56,562 - backend.app.pipeline.cleaning - INFO - Cleaning text for DOC0091...
2026-02-26 16:36:56,811 - backend.app.pipeline.cleaning - INFO - Cleaned DOC0091: 14450 -> 14334 words
2026-02-26 16:36:56,812 - backend.app.pipeline.cleaning - INFO - Cleaning text for DOC0092...
2026-02-26 16:36:57,018 - backend.app.pipeline.cleaning - INFO - Cleaned DOC0092: 11581 -> 10326 words
2026-02-26 16:36:57,032 - backend.app.pipeline.cleaning - INFO - Cleaning text for DOC0093...
2026-02-26 16:36:57,194 - backend.app.pipeline.cleaning - INFO - Cleaned DOC0093: 7359 -> 6184 words
2026-02-26 16:36:57,196 - backend.app.pipeline.cleaning - INFO - Cleaning text for DOC0094...
2026-02-26 16:36:57,256 - backend.app.pipeline.cleaning - INFO - Cleaned DOC0094: 18183 -> 14353 words
2026-02-26 16:36:57,257 - backend.app.pipeline.cleaning - INFO - Cleaning text for DOC0095...
2026-02-26 16:36:57,314 - backend.app.pipeline.cleaning - INFO - Cleaned DOC0095: 8465 -> 8373 words
2026-02-26 16:36:57,315 - backend.app.pipeline.cleaning - INFO - Abstract extracted for DOC0095
2026-02-26 16:36:57,316 - backend.app.pipeline.cleaning - INFO - Cleaning text for DOC0096...
2026-02-26 16:36:57,374 - backend.app.pipeline.cleaning - INFO - Cleaned DOC0096: 12298 -> 11955 words
2026-02-26 16:36:57,375 - backend.app.pipeline.cleaning - INFO - Abstract extracted for DOC0096
2026-02-26 16:36:57,375 - backend.app.pipeline.cleaning - INFO - Cleaning text for DOC0097...
2026-02-26 16:36:57,421 - backend.app.pipeline.cleaning - INFO - Cleaned DOC0097: 9582 -> 9530 words
2026-02-26 16:36:57,422 - backend.app.pipeline.cleaning - INFO - Abstract extracted for DOC0097
2026-02-26 16:36:57,422 - backend.app.pipeline.cleaning - INFO - Cleaning text for DOC0098...
2026-02-26 16:36:57,479 - backend.app.pipeline.cleaning - INFO - Cleaned DOC0098: 11825 -> 11625 words
2026-02-26 16:36:57,479 - backend.app.pipeline.cleaning - INFO - Abstract extracted for DOC0098
2026-02-26 16:36:57,480 - backend.app.pipeline.cleaning - INFO - Cleaning text for DOC0099...
2026-02-26 16:36:57,539 - backend.app.pipeline.cleaning - INFO - Cleaned DOC0099: 8914 -> 8749 words
2026-02-26 16:36:57,542 - backend.app.pipeline.cleaning - INFO - Cleaning text for DOC0100...
2026-02-26 16:36:57,600 - backend.app.pipeline.cleaning - INFO - Cleaned DOC0100: 9851 -> 8757 words
2026-02-26 16:36:57,600 - backend.app.pipeline.cleaning - INFO - Abstract extracted for DOC0100
2026-02-26 16:36:57,602 - backend.app.pipeline.cleaning - INFO - Cleaning text for DOC0101...
2026-02-26 16:36:57,784 - backend.app.pipeline.cleaning - INFO - Cleaned DOC0101: 11554 -> 10578 words
2026-02-26 16:36:57,784 - backend.app.pipeline.cleaning - INFO - Abstract extracted for DOC0101
2026-02-26 16:36:57,785 - backend.app.pipeline.cleaning - INFO - Cleaning text for DOC0102...
2026-02-26 16:36:57,850 - backend.app.pipeline.cleaning - INFO - Cleaned DOC0102: 9018 -> 8968 words
2026-02-26 16:36:57,850 - backend.app.pipeline.cleaning - INFO - Abstract extracted for DOC0102
2026-02-26 16:36:57,851 - backend.app.pipeline.cleaning - INFO - Cleaning text for DOC0103...
2026-02-26 16:36:57,892 - backend.app.pipeline.cleaning - INFO - Cleaned DOC0103: 5866 -> 5478 words
2026-02-26 16:36:57,892 - backend.app.pipeline.cleaning - INFO - Abstract extracted for DOC0103
2026-02-26 16:36:57,893 - backend.app.pipeline.cleaning - INFO - Cleaning text for DOC0104...
2026-02-26 16:36:57,966 - backend.app.pipeline.cleaning - INFO - Cleaned DOC0104: 15461 -> 15417 words
2026-02-26 16:36:57,967 - backend.app.pipeline.cleaning - INFO - Cleaning text for DOC0105...
2026-02-26 16:36:58,019 - backend.app.pipeline.cleaning - INFO - Cleaned DOC0105: 7323 -> 6860 words
2026-02-26 16:36:58,020 - backend.app.pipeline.cleaning - INFO - Abstract extracted for DOC0105
2026-02-26 16:36:58,021 - backend.app.pipeline.cleaning - INFO - Cleaning text for DOC0106...
2026-02-26 16:36:58,087 - backend.app.pipeline.cleaning - INFO - Cleaned DOC0106: 10683 -> 10561 words
2026-02-26 16:36:58,088 - backend.app.pipeline.cleaning - INFO - Cleaning text for DOC0107...
2026-02-26 16:36:58,150 - backend.app.pipeline.cleaning - INFO - Cleaned DOC0107: 14124 -> 14064 words
2026-02-26 16:36:58,151 - backend.app.pipeline.cleaning - INFO - Cleaning text for DOC0108...
2026-02-26 16:36:58,198 - backend.app.pipeline.cleaning - INFO - Cleaned DOC0108: 7572 -> 7524 words
2026-02-26 16:36:58,199 - backend.app.pipeline.cleaning - INFO - Cleaning text for DOC0109...
2026-02-26 16:36:58,676 - backend.app.pipeline.cleaning - INFO - Cleaned DOC0109: 6914 -> 6209 words
2026-02-26 16:36:58,676 - backend.app.pipeline.cleaning - INFO - Cleaning text for DOC0110...
2026-02-26 16:36:58,745 - backend.app.pipeline.cleaning - INFO - Cleaned DOC0110: 13612 -> 12974 words
2026-02-26 16:36:58,746 - backend.app.pipeline.cleaning - INFO - Abstract extracted for DOC0110
2026-02-26 16:36:58,746 - backend.app.pipeline.cleaning - INFO - Cleaning text for DOC0111...
2026-02-26 16:36:58,804 - backend.app.pipeline.cleaning - INFO - Cleaned DOC0111: 10995 -> 10872 words
2026-02-26 16:36:58,804 - backend.app.pipeline.cleaning - INFO - Abstract extracted for DOC0111
2026-02-26 16:36:58,805 - backend.app.pipeline.cleaning - INFO - Cleaning text for DOC0112...
2026-02-26 16:36:58,828 - backend.app.pipeline.cleaning - INFO - Cleaned DOC0112: 3389 -> 2894 words
2026-02-26 16:36:58,828 - backend.app.pipeline.cleaning - INFO - Cleaning text for DOC0113...
2026-02-26 16:36:58,880 - backend.app.pipeline.cleaning - INFO - Cleaned DOC0113: 10249 -> 9952 words
2026-02-26 16:36:58,880 - backend.app.pipeline.cleaning - INFO - Abstract extracted for DOC0113
2026-02-26 16:36:58,881 - backend.app.pipeline.cleaning - INFO - Cleaning text for DOC0114...
2026-02-26 16:36:58,940 - backend.app.pipeline.cleaning - INFO - Cleaned DOC0114: 10249 -> 9952 words
2026-02-26 16:36:58,941 - backend.app.pipeline.cleaning - INFO - Abstract extracted for DOC0114
2026-02-26 16:36:58,941 - backend.app.pipeline.cleaning - INFO - Cleaning text for DOC0115...
2026-02-26 16:36:59,000 - backend.app.pipeline.cleaning - INFO - Cleaned DOC0115: 13786 -> 13525 words
2026-02-26 16:36:59,001 - backend.app.pipeline.cleaning - INFO - Abstract extracted for DOC0115
2026-02-26 16:36:59,002 - backend.app.pipeline.cleaning - INFO - Cleaning text for DOC0116...
2026-02-26 16:36:59,104 - backend.app.pipeline.cleaning - INFO - Cleaned DOC0116: 6175 -> 6045 words
2026-02-26 16:36:59,109 - backend.app.pipeline.cleaning - INFO - Cleaning text for DOC0117...
2026-02-26 16:36:59,199 - backend.app.pipeline.cleaning - INFO - Cleaned DOC0117: 9163 -> 8994 words
2026-02-26 16:36:59,200 - backend.app.pipeline.cleaning - INFO - Cleaning text for DOC0118...
2026-02-26 16:36:59,847 - backend.app.pipeline.cleaning - INFO - Cleaned DOC0118: 12852 -> 12562 words
2026-02-26 16:36:59,848 - backend.app.pipeline.cleaning - INFO - Cleaning text for DOC0119...
2026-02-26 16:36:59,897 - backend.app.pipeline.cleaning - INFO - Cleaned DOC0119: 6395 -> 5717 words
2026-02-26 16:36:59,898 - backend.app.pipeline.cleaning - INFO - Cleaning text for DOC0120...
2026-02-26 16:36:59,906 - backend.app.pipeline.cleaning - INFO - Cleaned DOC0120: 1004 -> 813 words
2026-02-26 16:36:59,907 - backend.app.pipeline.cleaning - INFO - Cleaning text for DOC0121...
2026-02-26 16:36:59,957 - backend.app.pipeline.cleaning - INFO - Cleaned DOC0121: 7161 -> 6712 words
2026-02-26 16:36:59,958 - backend.app.pipeline.cleaning - INFO - Cleaning text for DOC0122...
2026-02-26 16:37:00,013 - backend.app.pipeline.cleaning - INFO - Cleaned DOC0122: 10951 -> 9899 words
2026-02-26 16:37:00,015 - backend.app.pipeline.cleaning - INFO - Cleaning text for DOC0123...
2026-02-26 16:37:00,076 - backend.app.pipeline.cleaning - INFO - Cleaned DOC0123: 12000 -> 11358 words
2026-02-26 16:37:00,077 - backend.app.pipeline.cleaning - INFO - Cleaning text for DOC0124...
2026-02-26 16:37:00,127 - backend.app.pipeline.cleaning - INFO - Cleaned DOC0124: 8457 -> 8374 words
2026-02-26 16:37:00,127 - backend.app.pipeline.cleaning - INFO - Cleaning text for DOC0125...
2026-02-26 16:37:00,219 - backend.app.pipeline.cleaning - INFO - Cleaned DOC0125: 9263 -> 8889 words
2026-02-26 16:37:00,220 - backend.app.pipeline.cleaning - INFO - Abstract extracted for DOC0125
2026-02-26 16:37:00,221 - backend.app.pipeline.cleaning - INFO - Cleaning text for DOC0126...
2026-02-26 16:37:00,294 - backend.app.pipeline.cleaning - INFO - Cleaned DOC0126: 8567 -> 8538 words
2026-02-26 16:37:00,296 - backend.app.pipeline.cleaning - INFO - Abstract extracted for DOC0126
2026-02-26 16:37:00,297 - backend.app.pipeline.cleaning - INFO - Cleaning text for DOC0127...
2026-02-26 16:37:00,611 - backend.app.pipeline.cleaning - INFO - Cleaned DOC0127: 11005 -> 10853 words
2026-02-26 16:37:00,612 - backend.app.pipeline.cleaning - INFO - Abstract extracted for DOC0127
2026-02-26 16:37:00,613 - backend.app.pipeline.cleaning - INFO - Cleaning text for DOC0128...
2026-02-26 16:37:00,663 - backend.app.pipeline.cleaning - INFO - Cleaned DOC0128: 11040 -> 10023 words
2026-02-26 16:37:00,663 - backend.app.pipeline.cleaning - INFO - Cleaning text for DOC0129...
2026-02-26 16:37:00,702 - backend.app.pipeline.cleaning - INFO - Cleaned DOC0129: 12588 -> 10756 words
2026-02-26 16:37:00,703 - backend.app.pipeline.cleaning - INFO - Cleaning text for DOC0130...
2026-02-26 16:37:00,751 - backend.app.pipeline.cleaning - INFO - Cleaned DOC0130: 6431 -> 5975 words
2026-02-26 16:37:00,752 - backend.app.pipeline.cleaning - INFO - Cleaning text for DOC0131...
2026-02-26 16:37:00,798 - backend.app.pipeline.cleaning - INFO - Cleaned DOC0131: 9807 -> 9261 words
2026-02-26 16:37:00,799 - backend.app.pipeline.cleaning - INFO - Abstract extracted for DOC0131
2026-02-26 16:37:00,799 - backend.app.pipeline.cleaning - INFO - Cleaning text for DOC0132...
2026-02-26 16:37:00,846 - backend.app.pipeline.cleaning - INFO - Cleaned DOC0132: 13239 -> 11386 words
2026-02-26 16:37:00,847 - backend.app.pipeline.cleaning - INFO - Cleaning text for DOC0133...
2026-02-26 16:37:00,848 - backend.app.pipeline.cleaning - INFO - Cleaned DOC0133: 0 -> 0 words
2026-02-26 16:37:00,849 - backend.app.pipeline.cleaning - INFO - Cleaning text for DOC0134...
2026-02-26 16:37:00,939 - backend.app.pipeline.cleaning - INFO - Cleaned DOC0134: 8376 -> 6901 words
2026-02-26 16:37:00,940 - backend.app.pipeline.cleaning - INFO - Cleaning text for DOC0135...
2026-02-26 16:37:00,983 - backend.app.pipeline.cleaning - INFO - Cleaned DOC0135: 7499 -> 7409 words
2026-02-26 16:37:00,984 - backend.app.pipeline.cleaning - INFO - Cleaning text for DOC0136...
2026-02-26 16:37:01,023 - backend.app.pipeline.cleaning - INFO - Cleaned DOC0136: 7765 -> 7696 words
2026-02-26 16:37:01,023 - backend.app.pipeline.cleaning - INFO - Abstract extracted for DOC0136
2026-02-26 16:37:01,024 - backend.app.pipeline.cleaning - INFO - Cleaning text for DOC0137...
2026-02-26 16:37:01,080 - backend.app.pipeline.cleaning - INFO - Cleaned DOC0137: 11949 -> 11589 words
2026-02-26 16:37:01,081 - backend.app.pipeline.cleaning - INFO - Abstract extracted for DOC0137
2026-02-26 16:37:01,081 - backend.app.pipeline.cleaning - INFO - Cleaning text for DOC0138...
2026-02-26 16:37:01,139 - backend.app.pipeline.cleaning - INFO - Cleaned DOC0138: 14014 -> 13883 words
2026-02-26 16:37:01,139 - backend.app.pipeline.cleaning - INFO - Abstract extracted for DOC0138
2026-02-26 16:37:01,140 - backend.app.pipeline.cleaning - INFO - Cleaning text for DOC0139...
2026-02-26 16:37:01,193 - backend.app.pipeline.cleaning - INFO - Cleaned DOC0139: 8475 -> 8285 words
2026-02-26 16:37:01,193 - backend.app.pipeline.cleaning - INFO - Cleaning text for DOC0140...
2026-02-26 16:37:02,032 - backend.app.pipeline.cleaning - INFO - Cleaned DOC0140: 9269 -> 7955 words
2026-02-26 16:37:02,033 - backend.app.pipeline.cleaning - INFO - Cleaning text for DOC0141...
2026-02-26 16:37:02,083 - backend.app.pipeline.cleaning - INFO - Cleaned DOC0141: 10924 -> 10546 words
2026-02-26 16:37:02,084 - backend.app.pipeline.cleaning - INFO - Cleaning text for DOC0142...
2026-02-26 16:37:02,137 - backend.app.pipeline.cleaning - INFO - Cleaned DOC0142: 10121 -> 8139 words
2026-02-26 16:37:02,138 - backend.app.pipeline.cleaning - INFO - Abstract extracted for DOC0142
2026-02-26 16:37:02,138 - backend.app.pipeline.cleaning - INFO - Cleaning text for DOC0143...
2026-02-26 16:37:02,191 - backend.app.pipeline.cleaning - INFO - Cleaned DOC0143: 11413 -> 10808 words
2026-02-26 16:37:02,192 - backend.app.pipeline.cleaning - INFO - Abstract extracted for DOC0143
2026-02-26 16:37:02,192 - backend.app.pipeline.cleaning - INFO - Cleaning text for DOC0144...
2026-02-26 16:37:02,307 - backend.app.pipeline.cleaning - INFO - Cleaned DOC0144: 1906 -> 1809 words
2026-02-26 16:37:02,307 - backend.app.pipeline.cleaning - INFO - Cleaning text for DOC0145...
2026-02-26 16:37:02,406 - backend.app.pipeline.cleaning - INFO - Cleaned DOC0145: 13291 -> 11351 words
2026-02-26 16:37:02,407 - backend.app.pipeline.cleaning - INFO - Cleaning text for DOC0146...
2026-02-26 16:37:02,447 - backend.app.pipeline.cleaning - INFO - Cleaned DOC0146: 6620 -> 5356 words
2026-02-26 16:37:02,448 - backend.app.pipeline.cleaning - INFO - Cleaning text for DOC0147...
2026-02-26 16:37:02,496 - backend.app.pipeline.cleaning - INFO - Cleaned DOC0147: 7886 -> 7754 words
2026-02-26 16:37:02,497 - backend.app.pipeline.cleaning - INFO - Abstract extracted for DOC0147
2026-02-26 16:37:02,498 - backend.app.pipeline.cleaning - INFO - Cleaning text for DOC0148...
2026-02-26 16:37:02,868 - backend.app.pipeline.cleaning - INFO - Cleaned DOC0148: 7376 -> 4488 words
2026-02-26 16:37:02,869 - backend.app.pipeline.cleaning - INFO - Abstract extracted for DOC0148
2026-02-26 16:37:02,870 - backend.app.pipeline.cleaning - INFO - Cleaning text for DOC0149...
2026-02-26 16:37:02,981 - backend.app.pipeline.cleaning - INFO - Cleaned DOC0149: 7647 -> 7611 words
2026-02-26 16:37:02,981 - backend.app.pipeline.cleaning - INFO - Abstract extracted for DOC0149
2026-02-26 16:37:02,982 - backend.app.pipeline.cleaning - INFO - Cleaning text for DOC0150...
2026-02-26 16:37:03,125 - backend.app.pipeline.cleaning - INFO - Cleaned DOC0150: 8665 -> 8662 words
2026-02-26 16:37:03,126 - backend.app.pipeline.cleaning - INFO - Cleaning text for DOC0151...
2026-02-26 16:37:03,154 - backend.app.pipeline.cleaning - INFO - Cleaned DOC0151: 3681 -> 3216 words
2026-02-26 16:37:03,155 - backend.app.pipeline.cleaning - INFO - Cleaning text for DOC0152...
2026-02-26 16:37:03,158 - backend.app.pipeline.cleaning - INFO - Cleaned DOC0152: 3 -> 0 words
2026-02-26 16:37:03,158 - backend.app.pipeline.cleaning - INFO - Cleaning text for DOC0153...
2026-02-26 16:37:03,337 - backend.app.pipeline.cleaning - INFO - Cleaned DOC0153: 9728 -> 9584 words
2026-02-26 16:37:03,339 - backend.app.pipeline.cleaning - INFO - Abstract extracted for DOC0153
2026-02-26 16:37:03,340 - backend.app.pipeline.cleaning - INFO - Cleaning text for DOC0154...
2026-02-26 16:37:03,461 - backend.app.pipeline.cleaning - INFO - Cleaned DOC0154: 10180 -> 9546 words
2026-02-26 16:37:03,462 - backend.app.pipeline.cleaning - INFO - Abstract extracted for DOC0154
2026-02-26 16:37:03,463 - backend.app.pipeline.cleaning - INFO - Cleaning text for DOC0155...
2026-02-26 16:37:03,519 - backend.app.pipeline.cleaning - INFO - Cleaned DOC0155: 7838 -> 7734 words
2026-02-26 16:37:03,520 - backend.app.pipeline.cleaning - INFO - Abstract extracted for DOC0155
2026-02-26 16:37:03,520 - backend.app.pipeline.cleaning - INFO - Cleaning text for DOC0156...
2026-02-26 16:37:03,573 - backend.app.pipeline.cleaning - INFO - Cleaned DOC0156: 8685 -> 8563 words
2026-02-26 16:37:03,575 - backend.app.pipeline.cleaning - INFO - Abstract extracted for DOC0156
2026-02-26 16:37:03,576 - backend.app.pipeline.cleaning - INFO - Cleaning text for DOC0157...
2026-02-26 16:37:03,581 - backend.app.pipeline.cleaning - INFO - Cleaned DOC0157: 362 -> 362 words
2026-02-26 16:37:03,581 - backend.app.pipeline.cleaning - INFO - Cleaning text for DOC0158...
2026-02-26 16:37:03,922 - backend.app.pipeline.cleaning - INFO - Cleaned DOC0158: 12669 -> 12326 words
2026-02-26 16:37:03,923 - backend.app.pipeline.cleaning - INFO - Abstract extracted for DOC0158
2026-02-26 16:37:03,924 - backend.app.pipeline.cleaning - INFO - Cleaning text for DOC0159...
2026-02-26 16:37:04,010 - backend.app.pipeline.cleaning - INFO - Cleaned DOC0159: 7434 -> 6001 words
2026-02-26 16:37:04,011 - backend.app.pipeline.cleaning - INFO - Cleaning text for DOC0160...
2026-02-26 16:37:04,040 - backend.app.pipeline.cleaning - INFO - Cleaned DOC0160: 3259 -> 2487 words
2026-02-26 16:37:04,041 - backend.app.pipeline.cleaning - INFO - Cleaning text for DOC0161...
2026-02-26 16:37:04,109 - backend.app.pipeline.cleaning - INFO - Cleaned DOC0161: 13686 -> 13491 words
2026-02-26 16:37:04,110 - backend.app.pipeline.cleaning - INFO - Cleaning text for DOC0162...
2026-02-26 16:37:04,145 - backend.app.pipeline.cleaning - INFO - Cleaned DOC0162: 6500 -> 6493 words
2026-02-26 16:37:04,145 - backend.app.pipeline.cleaning - INFO - Cleaning text for DOC0163...
2026-02-26 16:37:04,216 - backend.app.pipeline.cleaning - INFO - Cleaned DOC0163: 14876 -> 14845 words
2026-02-26 16:37:04,216 - backend.app.pipeline.cleaning - INFO - Cleaning text for DOC0164...
2026-02-26 16:37:04,273 - backend.app.pipeline.cleaning - INFO - Cleaned DOC0164: 13040 -> 10951 words
2026-02-26 16:37:04,274 - backend.app.pipeline.cleaning - INFO - Cleaning text for DOC0165...
2026-02-26 16:37:04,340 - backend.app.pipeline.cleaning - INFO - Cleaned DOC0165: 10873 -> 10536 words
2026-02-26 16:37:04,341 - backend.app.pipeline.cleaning - INFO - Cleaning text for DOC0166...
2026-02-26 16:37:04,935 - backend.app.pipeline.cleaning - INFO - Cleaned DOC0166: 9480 -> 9388 words
2026-02-26 16:37:04,942 - backend.app.pipeline.cleaning - INFO - Cleaning text for DOC0167...
2026-02-26 16:37:05,022 - backend.app.pipeline.cleaning - INFO - Cleaned DOC0167: 8796 -> 6410 words
2026-02-26 16:37:05,023 - backend.app.pipeline.cleaning - INFO - Cleaning text for DOC0168...
2026-02-26 16:37:05,094 - backend.app.pipeline.cleaning - INFO - Cleaned DOC0168: 10825 -> 10716 words
2026-02-26 16:37:05,095 - backend.app.pipeline.cleaning - INFO - Cleaning text for DOC0169...
2026-02-26 16:37:05,152 - backend.app.pipeline.cleaning - INFO - Cleaned DOC0169: 8732 -> 8683 words
2026-02-26 16:37:05,153 - backend.app.pipeline.cleaning - INFO - Abstract extracted for DOC0169
2026-02-26 16:37:05,153 - backend.app.pipeline.cleaning - INFO - Cleaning text for DOC0170...
2026-02-26 16:37:05,217 - backend.app.pipeline.cleaning - INFO - Cleaned DOC0170: 9107 -> 9021 words
2026-02-26 16:37:05,218 - backend.app.pipeline.cleaning - INFO - Cleaning text for DOC0171...
2026-02-26 16:37:05,237 - backend.app.pipeline.cleaning - INFO - Cleaned DOC0171: 1124 -> 1124 words
2026-02-26 16:37:05,238 - backend.app.pipeline.cleaning - INFO - Cleaning text for DOC0172...
2026-02-26 16:37:05,531 - backend.app.pipeline.cleaning - INFO - Cleaned DOC0172: 11183 -> 11014 words
2026-02-26 16:37:05,533 - backend.app.pipeline.cleaning - INFO - Cleaning text for DOC0173...
2026-02-26 16:37:05,573 - backend.app.pipeline.cleaning - INFO - Cleaned DOC0173: 2876 -> 2222 words
2026-02-26 16:37:05,574 - backend.app.pipeline.cleaning - INFO - Abstract extracted for DOC0173
2026-02-26 16:37:05,578 - __main__ - INFO - ✓ Cleaning completed: 173 documents processed
2026-02-26 16:37:05,580 - __main__ - INFO - 
[Step 2.5] Generating EDA visualizations (after cleaning)...
2026-02-26 16:37:05,585 - backend.app.pipeline.eda_visualizations - INFO - Generating EDA visualizations...
2026-02-26 16:37:08,615 - backend.app.pipeline.eda_visualizations - INFO - Saved document length distribution to C:\Users\USER\Desktop\NLP Data\artifacts\reports\document_length_distribution.png
2026-02-26 16:37:08,616 - backend.app.pipeline.eda_visualizations - WARNING - Cannot generate chunk size distribution: missing data
2026-02-26 16:37:08,616 - backend.app.pipeline.eda_visualizations - WARNING - Cannot generate chunks per document plot: missing data
2026-02-26 16:37:09,513 - backend.app.pipeline.eda_visualizations - INFO - Saved document type distribution to C:\Users\USER\Desktop\NLP Data\artifacts\reports\document_type_distribution.png
2026-02-26 16:37:10,067 - backend.app.pipeline.eda_visualizations - INFO - Saved year distribution to C:\Users\USER\Desktop\NLP Data\artifacts\reports\year_distribution.png
2026-02-26 16:37:10,068 - backend.app.pipeline.eda_visualizations - INFO - EDA visualizations completed
2026-02-26 16:37:10,068 - __main__ - INFO - 
================================================================================
2026-02-26 16:37:10,068 - __main__ - INFO - [Step 3] Duplicate detection
2026-02-26 16:37:10,069 - __main__ - INFO - ================================================================================
2026-02-26 16:37:10,070 - backend.app.pipeline.duplicates - INFO - Detecting exact duplicates using file hash...
2026-02-26 16:37:15,564 - backend.app.pipeline.duplicates - INFO - Found 3 groups of exact duplicates
2026-02-26 16:37:15,565 - backend.app.pipeline.duplicates - INFO - Detecting near-duplicates (threshold=0.95)...
2026-02-26 16:37:21,777 - backend.app.pipeline.duplicates - INFO - Found 4 near-duplicate pairs
2026-02-26 16:37:21,795 - __main__ - INFO - ✓ Found 10 duplicate records
2026-02-26 16:37:21,796 - __main__ - INFO - 
================================================================================
2026-02-26 16:37:21,797 - __main__ - INFO - [Step 4] Text chunking
2026-02-26 16:37:21,797 - __main__ - INFO - ================================================================================
2026-02-26 16:37:21,798 - backend.app.pipeline.chunking - INFO - Chunking text for DOC0001...
2026-02-26 16:37:21,802 - backend.app.pipeline.chunking - INFO - Created 2 chunks for DOC0001 (avg size: 414.0 words)
2026-02-26 16:37:21,802 - backend.app.pipeline.chunking - INFO - Chunking text for DOC0002...
2026-02-26 16:37:21,812 - backend.app.pipeline.chunking - INFO - Created 28 chunks for DOC0002 (avg size: 351.2 words)
2026-02-26 16:37:21,812 - backend.app.pipeline.chunking - INFO - Chunking text for DOC0003...
2026-02-26 16:37:21,824 - backend.app.pipeline.chunking - INFO - Created 28 chunks for DOC0003 (avg size: 345.9 words)
2026-02-26 16:37:21,824 - backend.app.pipeline.chunking - INFO - Chunking text for DOC0004...
2026-02-26 16:37:21,835 - backend.app.pipeline.chunking - INFO - Created 26 chunks for DOC0004 (avg size: 353.7 words)
2026-02-26 16:37:21,835 - backend.app.pipeline.chunking - INFO - Chunking text for DOC0005...
2026-02-26 16:37:21,843 - backend.app.pipeline.chunking - INFO - Created 20 chunks for DOC0005 (avg size: 358.9 words)
2026-02-26 16:37:21,844 - backend.app.pipeline.chunking - INFO - Chunking text for DOC0006...
2026-02-26 16:37:21,849 - backend.app.pipeline.chunking - INFO - Created 20 chunks for DOC0006 (avg size: 358.9 words)
2026-02-26 16:37:21,850 - backend.app.pipeline.chunking - INFO - Chunking text for DOC0007...
2026-02-26 16:37:21,858 - backend.app.pipeline.chunking - INFO - Created 31 chunks for DOC0007 (avg size: 334.5 words)
2026-02-26 16:37:21,859 - backend.app.pipeline.chunking - INFO - Chunking text for DOC0008...
2026-02-26 16:37:21,866 - backend.app.pipeline.chunking - INFO - Created 36 chunks for DOC0008 (avg size: 363.9 words)
2026-02-26 16:37:21,866 - backend.app.pipeline.chunking - INFO - Chunking text for DOC0009...
2026-02-26 16:37:21,877 - backend.app.pipeline.chunking - INFO - Created 35 chunks for DOC0009 (avg size: 322.8 words)
2026-02-26 16:37:21,878 - backend.app.pipeline.chunking - INFO - Chunking text for DOC0010...
2026-02-26 16:37:21,887 - backend.app.pipeline.chunking - INFO - Created 35 chunks for DOC0010 (avg size: 311.9 words)
2026-02-26 16:37:21,888 - backend.app.pipeline.chunking - INFO - Chunking text for DOC0011...
2026-02-26 16:37:21,898 - backend.app.pipeline.chunking - INFO - Created 36 chunks for DOC0011 (avg size: 327.7 words)
2026-02-26 16:37:21,899 - backend.app.pipeline.chunking - INFO - Chunking text for DOC0012...
2026-02-26 16:37:21,909 - backend.app.pipeline.chunking - INFO - Created 34 chunks for DOC0012 (avg size: 365.2 words)
2026-02-26 16:37:21,910 - backend.app.pipeline.chunking - INFO - Chunking text for DOC0013...
2026-02-26 16:37:21,916 - backend.app.pipeline.chunking - INFO - Created 23 chunks for DOC0013 (avg size: 359.3 words)
2026-02-26 16:37:21,916 - backend.app.pipeline.chunking - INFO - Chunking text for DOC0014...
2026-02-26 16:37:21,925 - backend.app.pipeline.chunking - INFO - Created 40 chunks for DOC0014 (avg size: 361.4 words)
2026-02-26 16:37:21,926 - backend.app.pipeline.chunking - INFO - Chunking text for DOC0015...
2026-02-26 16:37:21,938 - backend.app.pipeline.chunking - INFO - Created 40 chunks for DOC0015 (avg size: 377.1 words)
2026-02-26 16:37:21,939 - backend.app.pipeline.chunking - INFO - Chunking text for DOC0016...
2026-02-26 16:37:21,951 - backend.app.pipeline.chunking - INFO - Created 31 chunks for DOC0016 (avg size: 364.6 words)
2026-02-26 16:37:21,953 - backend.app.pipeline.chunking - INFO - Chunking text for DOC0017...
2026-02-26 16:37:21,960 - backend.app.pipeline.chunking - INFO - Created 28 chunks for DOC0017 (avg size: 329.0 words)
2026-02-26 16:37:21,961 - backend.app.pipeline.chunking - INFO - Chunking text for DOC0018...
2026-02-26 16:37:21,967 - backend.app.pipeline.chunking - INFO - Created 16 chunks for DOC0018 (avg size: 402.2 words)
2026-02-26 16:37:21,968 - backend.app.pipeline.chunking - INFO - Chunking text for DOC0019...
2026-02-26 16:37:21,975 - backend.app.pipeline.chunking - INFO - Created 31 chunks for DOC0019 (avg size: 346.5 words)
2026-02-26 16:37:21,975 - backend.app.pipeline.chunking - INFO - Chunking text for DOC0020...
2026-02-26 16:37:21,983 - backend.app.pipeline.chunking - INFO - Created 37 chunks for DOC0020 (avg size: 332.3 words)
2026-02-26 16:37:21,984 - backend.app.pipeline.chunking - INFO - Chunking text for DOC0021...
2026-02-26 16:37:21,991 - backend.app.pipeline.chunking - INFO - Created 37 chunks for DOC0021 (avg size: 344.0 words)
2026-02-26 16:37:21,991 - backend.app.pipeline.chunking - INFO - Chunking text for DOC0022...
2026-02-26 16:37:22,000 - backend.app.pipeline.chunking - INFO - Created 29 chunks for DOC0022 (avg size: 341.3 words)
2026-02-26 16:37:22,000 - backend.app.pipeline.chunking - INFO - Chunking text for DOC0023...
2026-02-26 16:37:22,003 - backend.app.pipeline.chunking - INFO - Created 2 chunks for DOC0023 (avg size: 275.0 words)
2026-02-26 16:37:22,004 - backend.app.pipeline.chunking - INFO - Chunking text for DOC0024...
2026-02-26 16:37:22,010 - backend.app.pipeline.chunking - INFO - Created 21 chunks for DOC0024 (avg size: 440.6 words)
2026-02-26 16:37:22,011 - backend.app.pipeline.chunking - INFO - Chunking text for DOC0025...
2026-02-26 16:37:22,019 - backend.app.pipeline.chunking - INFO - Created 22 chunks for DOC0025 (avg size: 365.4 words)
2026-02-26 16:37:22,020 - backend.app.pipeline.chunking - INFO - Chunking text for DOC0026...
2026-02-26 16:37:22,027 - backend.app.pipeline.chunking - INFO - Created 25 chunks for DOC0026 (avg size: 325.0 words)
2026-02-26 16:37:22,028 - backend.app.pipeline.chunking - INFO - Chunking text for DOC0027...
2026-02-26 16:37:22,035 - backend.app.pipeline.chunking - INFO - Created 28 chunks for DOC0027 (avg size: 329.1 words)
2026-02-26 16:37:22,035 - backend.app.pipeline.chunking - INFO - Chunking text for DOC0028...
2026-02-26 16:37:22,053 - backend.app.pipeline.chunking - INFO - Created 51 chunks for DOC0028 (avg size: 340.3 words)
2026-02-26 16:37:22,054 - backend.app.pipeline.chunking - INFO - Chunking text for DOC0029...
2026-02-26 16:37:22,059 - backend.app.pipeline.chunking - INFO - Created 22 chunks for DOC0029 (avg size: 374.0 words)
2026-02-26 16:37:22,060 - backend.app.pipeline.chunking - INFO - Chunking text for DOC0030...
2026-02-26 16:37:22,071 - backend.app.pipeline.chunking - INFO - Created 34 chunks for DOC0030 (avg size: 320.6 words)
2026-02-26 16:37:22,071 - backend.app.pipeline.chunking - INFO - Chunking text for DOC0031...
2026-02-26 16:37:22,079 - backend.app.pipeline.chunking - INFO - Created 30 chunks for DOC0031 (avg size: 335.9 words)
2026-02-26 16:37:22,079 - backend.app.pipeline.chunking - INFO - Chunking text for DOC0032...
2026-02-26 16:37:22,089 - backend.app.pipeline.chunking - INFO - Created 35 chunks for DOC0032 (avg size: 342.6 words)
2026-02-26 16:37:22,089 - backend.app.pipeline.chunking - INFO - Chunking text for DOC0033...
2026-02-26 16:37:22,098 - backend.app.pipeline.chunking - INFO - Created 29 chunks for DOC0033 (avg size: 321.6 words)
2026-02-26 16:37:22,100 - backend.app.pipeline.chunking - INFO - Chunking text for DOC0034...
2026-02-26 16:37:22,112 - backend.app.pipeline.chunking - INFO - Created 30 chunks for DOC0034 (avg size: 370.7 words)
2026-02-26 16:37:22,113 - backend.app.pipeline.chunking - INFO - Chunking text for DOC0035...
2026-02-26 16:37:22,122 - backend.app.pipeline.chunking - INFO - Created 33 chunks for DOC0035 (avg size: 365.1 words)
2026-02-26 16:37:22,123 - backend.app.pipeline.chunking - INFO - Chunking text for DOC0036...
2026-02-26 16:37:22,129 - backend.app.pipeline.chunking - INFO - Created 28 chunks for DOC0036 (avg size: 339.6 words)
2026-02-26 16:37:22,130 - backend.app.pipeline.chunking - INFO - Chunking text for DOC0037...
2026-02-26 16:37:22,141 - backend.app.pipeline.chunking - INFO - Created 28 chunks for DOC0037 (avg size: 363.7 words)
2026-02-26 16:37:22,142 - backend.app.pipeline.chunking - INFO - Chunking text for DOC0038...
2026-02-26 16:37:22,145 - backend.app.pipeline.chunking - INFO - Created 3 chunks for DOC0038 (avg size: 394.3 words)
2026-02-26 16:37:22,146 - backend.app.pipeline.chunking - INFO - Chunking text for DOC0039...
2026-02-26 16:37:22,149 - backend.app.pipeline.chunking - INFO - Created 3 chunks for DOC0039 (avg size: 343.0 words)
2026-02-26 16:37:22,149 - backend.app.pipeline.chunking - INFO - Chunking text for DOC0040...
2026-02-26 16:37:22,156 - backend.app.pipeline.chunking - INFO - Created 27 chunks for DOC0040 (avg size: 357.1 words)
2026-02-26 16:37:22,157 - backend.app.pipeline.chunking - INFO - Chunking text for DOC0041...
2026-02-26 16:37:22,163 - backend.app.pipeline.chunking - INFO - Created 10 chunks for DOC0041 (avg size: 504.0 words)
2026-02-26 16:37:22,163 - backend.app.pipeline.chunking - INFO - Chunking text for DOC0042...
2026-02-26 16:37:22,171 - backend.app.pipeline.chunking - INFO - Created 24 chunks for DOC0042 (avg size: 405.7 words)
2026-02-26 16:37:22,172 - backend.app.pipeline.chunking - INFO - Chunking text for DOC0043...
2026-02-26 16:37:22,182 - backend.app.pipeline.chunking - INFO - Created 53 chunks for DOC0043 (avg size: 443.8 words)
2026-02-26 16:37:22,184 - backend.app.pipeline.chunking - INFO - Chunking text for DOC0044...
2026-02-26 16:37:22,187 - backend.app.pipeline.chunking - INFO - Created 2 chunks for DOC0044 (avg size: 367.0 words)
2026-02-26 16:37:22,187 - backend.app.pipeline.chunking - INFO - Chunking text for DOC0045...
2026-02-26 16:37:22,197 - backend.app.pipeline.chunking - INFO - Created 42 chunks for DOC0045 (avg size: 360.2 words)
2026-02-26 16:37:22,197 - backend.app.pipeline.chunking - INFO - Chunking text for DOC0046...
2026-02-26 16:37:22,209 - backend.app.pipeline.chunking - INFO - Created 28 chunks for DOC0046 (avg size: 342.6 words)
2026-02-26 16:37:22,210 - backend.app.pipeline.chunking - INFO - Chunking text for DOC0047...
2026-02-26 16:37:22,211 - backend.app.pipeline.chunking - WARNING - Empty cleaned text for DOC0047
2026-02-26 16:37:22,212 - backend.app.pipeline.chunking - INFO - Chunking text for DOC0048...
2026-02-26 16:37:22,222 - backend.app.pipeline.chunking - INFO - Created 18 chunks for DOC0048 (avg size: 478.6 words)
2026-02-26 16:37:22,222 - backend.app.pipeline.chunking - INFO - Chunking text for DOC0049...
2026-02-26 16:37:22,230 - backend.app.pipeline.chunking - INFO - Created 20 chunks for DOC0049 (avg size: 369.4 words)
2026-02-26 16:37:22,232 - backend.app.pipeline.chunking - INFO - Chunking text for DOC0050...
2026-02-26 16:37:22,235 - backend.app.pipeline.chunking - INFO - Created 4 chunks for DOC0050 (avg size: 310.2 words)
2026-02-26 16:37:22,236 - backend.app.pipeline.chunking - INFO - Chunking text for DOC0051...
2026-02-26 16:37:22,249 - backend.app.pipeline.chunking - INFO - Created 39 chunks for DOC0051 (avg size: 315.6 words)
2026-02-26 16:37:22,251 - backend.app.pipeline.chunking - INFO - Chunking text for DOC0052...
2026-02-26 16:37:22,256 - backend.app.pipeline.chunking - INFO - Created 3 chunks for DOC0052 (avg size: 346.0 words)
2026-02-26 16:37:22,257 - backend.app.pipeline.chunking - INFO - Chunking text for DOC0053...
2026-02-26 16:37:22,261 - backend.app.pipeline.chunking - INFO - Created 1 chunks for DOC0053 (avg size: 232.0 words)
2026-02-26 16:37:22,262 - backend.app.pipeline.chunking - INFO - Chunking text for DOC0054...
2026-02-26 16:37:22,263 - backend.app.pipeline.chunking - WARNING - Empty cleaned text for DOC0054
2026-02-26 16:37:22,265 - backend.app.pipeline.chunking - INFO - Chunking text for DOC0055...
2026-02-26 16:37:22,270 - backend.app.pipeline.chunking - INFO - Created 2 chunks for DOC0055 (avg size: 299.0 words)
2026-02-26 16:37:22,270 - backend.app.pipeline.chunking - INFO - Chunking text for DOC0056...
2026-02-26 16:37:22,271 - backend.app.pipeline.chunking - WARNING - Empty cleaned text for DOC0056
2026-02-26 16:37:22,272 - backend.app.pipeline.chunking - INFO - Chunking text for DOC0057...
2026-02-26 16:37:22,277 - backend.app.pipeline.chunking - INFO - Created 3 chunks for DOC0057 (avg size: 346.3 words)
2026-02-26 16:37:22,279 - backend.app.pipeline.chunking - INFO - Chunking text for DOC0058...
2026-02-26 16:37:22,289 - backend.app.pipeline.chunking - INFO - Created 20 chunks for DOC0058 (avg size: 351.9 words)
2026-02-26 16:37:22,291 - backend.app.pipeline.chunking - INFO - Chunking text for DOC0059...
2026-02-26 16:37:22,298 - backend.app.pipeline.chunking - INFO - Created 13 chunks for DOC0059 (avg size: 718.8 words)
2026-02-26 16:37:22,299 - backend.app.pipeline.chunking - INFO - Chunking text for DOC0060...
2026-02-26 16:37:22,303 - backend.app.pipeline.chunking - INFO - Created 1 chunks for DOC0060 (avg size: 55.0 words)
2026-02-26 16:37:22,304 - backend.app.pipeline.chunking - INFO - Chunking text for DOC0061...
2026-02-26 16:37:22,306 - backend.app.pipeline.chunking - INFO - Created 2 chunks for DOC0061 (avg size: 383.5 words)
2026-02-26 16:37:22,307 - backend.app.pipeline.chunking - INFO - Chunking text for DOC0062...
2026-02-26 16:37:22,308 - backend.app.pipeline.chunking - WARNING - Empty cleaned text for DOC0062
2026-02-26 16:37:22,308 - backend.app.pipeline.chunking - INFO - Chunking text for DOC0063...
2026-02-26 16:37:22,309 - backend.app.pipeline.chunking - WARNING - Empty cleaned text for DOC0063
2026-02-26 16:37:22,310 - backend.app.pipeline.chunking - INFO - Chunking text for DOC0064...
2026-02-26 16:37:22,320 - backend.app.pipeline.chunking - INFO - Created 37 chunks for DOC0064 (avg size: 320.0 words)
2026-02-26 16:37:22,321 - backend.app.pipeline.chunking - INFO - Chunking text for DOC0065...
2026-02-26 16:37:22,329 - backend.app.pipeline.chunking - INFO - Created 40 chunks for DOC0065 (avg size: 373.2 words)
2026-02-26 16:37:22,330 - backend.app.pipeline.chunking - INFO - Chunking text for DOC0066...
2026-02-26 16:37:22,335 - backend.app.pipeline.chunking - INFO - Created 3 chunks for DOC0066 (avg size: 375.7 words)
2026-02-26 16:37:22,336 - backend.app.pipeline.chunking - INFO - Chunking text for DOC0067...
2026-02-26 16:37:22,343 - backend.app.pipeline.chunking - INFO - Created 24 chunks for DOC0067 (avg size: 347.8 words)
2026-02-26 16:37:22,344 - backend.app.pipeline.chunking - INFO - Chunking text for DOC0068...
2026-02-26 16:37:22,352 - backend.app.pipeline.chunking - INFO - Created 14 chunks for DOC0068 (avg size: 377.6 words)
2026-02-26 16:37:22,353 - backend.app.pipeline.chunking - INFO - Chunking text for DOC0069...
2026-02-26 16:37:22,363 - backend.app.pipeline.chunking - INFO - Created 36 chunks for DOC0069 (avg size: 345.2 words)
2026-02-26 16:37:22,364 - backend.app.pipeline.chunking - INFO - Chunking text for DOC0070...
2026-02-26 16:37:22,367 - backend.app.pipeline.chunking - INFO - Created 4 chunks for DOC0070 (avg size: 332.2 words)
2026-02-26 16:37:22,367 - backend.app.pipeline.chunking - INFO - Chunking text for DOC0071...
2026-02-26 16:37:22,375 - backend.app.pipeline.chunking - INFO - Created 32 chunks for DOC0071 (avg size: 363.7 words)
2026-02-26 16:37:22,375 - backend.app.pipeline.chunking - INFO - Chunking text for DOC0072...
2026-02-26 16:37:22,391 - backend.app.pipeline.chunking - INFO - Created 39 chunks for DOC0072 (avg size: 375.5 words)
2026-02-26 16:37:22,391 - backend.app.pipeline.chunking - INFO - Chunking text for DOC0073...
2026-02-26 16:37:22,397 - backend.app.pipeline.chunking - INFO - Created 27 chunks for DOC0073 (avg size: 337.9 words)
2026-02-26 16:37:22,397 - backend.app.pipeline.chunking - INFO - Chunking text for DOC0074...
2026-02-26 16:37:22,406 - backend.app.pipeline.chunking - INFO - Created 31 chunks for DOC0074 (avg size: 367.7 words)
2026-02-26 16:37:22,407 - backend.app.pipeline.chunking - INFO - Chunking text for DOC0075...
2026-02-26 16:37:22,416 - backend.app.pipeline.chunking - INFO - Created 22 chunks for DOC0075 (avg size: 378.8 words)
2026-02-26 16:37:22,417 - backend.app.pipeline.chunking - INFO - Chunking text for DOC0076...
2026-02-26 16:37:22,522 - backend.app.pipeline.chunking - INFO - Created 19 chunks for DOC0076 (avg size: 342.5 words)
2026-02-26 16:37:22,524 - backend.app.pipeline.chunking - INFO - Chunking text for DOC0077...
2026-02-26 16:37:22,549 - backend.app.pipeline.chunking - INFO - Created 26 chunks for DOC0077 (avg size: 368.7 words)
2026-02-26 16:37:22,550 - backend.app.pipeline.chunking - INFO - Chunking text for DOC0078...
2026-02-26 16:37:22,565 - backend.app.pipeline.chunking - INFO - Created 20 chunks for DOC0078 (avg size: 368.4 words)
2026-02-26 16:37:22,570 - backend.app.pipeline.chunking - INFO - Chunking text for DOC0079...
2026-02-26 16:37:22,582 - backend.app.pipeline.chunking - INFO - Created 27 chunks for DOC0079 (avg size: 370.9 words)
2026-02-26 16:37:22,586 - backend.app.pipeline.chunking - INFO - Chunking text for DOC0080...
2026-02-26 16:37:22,595 - backend.app.pipeline.chunking - INFO - Created 40 chunks for DOC0080 (avg size: 400.9 words)
2026-02-26 16:37:22,595 - backend.app.pipeline.chunking - INFO - Chunking text for DOC0081...
2026-02-26 16:37:22,601 - backend.app.pipeline.chunking - INFO - Created 13 chunks for DOC0081 (avg size: 386.8 words)
2026-02-26 16:37:22,602 - backend.app.pipeline.chunking - INFO - Chunking text for DOC0082...
2026-02-26 16:37:22,612 - backend.app.pipeline.chunking - INFO - Created 27 chunks for DOC0082 (avg size: 375.6 words)
2026-02-26 16:37:22,613 - backend.app.pipeline.chunking - INFO - Chunking text for DOC0083...
2026-02-26 16:37:22,627 - backend.app.pipeline.chunking - INFO - Created 35 chunks for DOC0083 (avg size: 363.4 words)
2026-02-26 16:37:22,628 - backend.app.pipeline.chunking - INFO - Chunking text for DOC0084...
2026-02-26 16:37:22,635 - backend.app.pipeline.chunking - INFO - Created 26 chunks for DOC0084 (avg size: 348.2 words)
2026-02-26 16:37:22,637 - backend.app.pipeline.chunking - INFO - Chunking text for DOC0085...
2026-02-26 16:37:22,646 - backend.app.pipeline.chunking - INFO - Created 36 chunks for DOC0085 (avg size: 347.2 words)
2026-02-26 16:37:22,647 - backend.app.pipeline.chunking - INFO - Chunking text for DOC0086...
2026-02-26 16:37:22,654 - backend.app.pipeline.chunking - INFO - Created 28 chunks for DOC0086 (avg size: 343.2 words)
2026-02-26 16:37:22,655 - backend.app.pipeline.chunking - INFO - Chunking text for DOC0087...
2026-02-26 16:37:22,663 - backend.app.pipeline.chunking - INFO - Created 21 chunks for DOC0087 (avg size: 372.5 words)
2026-02-26 16:37:22,663 - backend.app.pipeline.chunking - INFO - Chunking text for DOC0088...
2026-02-26 16:37:22,672 - backend.app.pipeline.chunking - INFO - Created 39 chunks for DOC0088 (avg size: 352.3 words)
2026-02-26 16:37:22,673 - backend.app.pipeline.chunking - INFO - Chunking text for DOC0089...
2026-02-26 16:37:22,680 - backend.app.pipeline.chunking - INFO - Created 42 chunks for DOC0089 (avg size: 333.3 words)
2026-02-26 16:37:22,681 - backend.app.pipeline.chunking - INFO - Chunking text for DOC0090...
2026-02-26 16:37:22,685 - backend.app.pipeline.chunking - INFO - Created 11 chunks for DOC0090 (avg size: 402.3 words)
2026-02-26 16:37:22,687 - backend.app.pipeline.chunking - INFO - Chunking text for DOC0091...
2026-02-26 16:37:22,696 - backend.app.pipeline.chunking - INFO - Created 43 chunks for DOC0091 (avg size: 372.3 words)
2026-02-26 16:37:22,696 - backend.app.pipeline.chunking - INFO - Chunking text for DOC0092...
2026-02-26 16:37:22,706 - backend.app.pipeline.chunking - INFO - Created 32 chunks for DOC0092 (avg size: 356.2 words)
2026-02-26 16:37:22,707 - backend.app.pipeline.chunking - INFO - Chunking text for DOC0093...
2026-02-26 16:37:22,715 - backend.app.pipeline.chunking - INFO - Created 20 chunks for DOC0093 (avg size: 351.7 words)
2026-02-26 16:37:22,715 - backend.app.pipeline.chunking - INFO - Chunking text for DOC0094...
2026-02-26 16:37:22,726 - backend.app.pipeline.chunking - INFO - Created 47 chunks for DOC0094 (avg size: 338.0 words)
2026-02-26 16:37:22,727 - backend.app.pipeline.chunking - INFO - Chunking text for DOC0095...
2026-02-26 16:37:22,733 - backend.app.pipeline.chunking - INFO - Created 30 chunks for DOC0095 (avg size: 315.3 words)
2026-02-26 16:37:22,735 - backend.app.pipeline.chunking - INFO - Chunking text for DOC0096...
2026-02-26 16:37:22,744 - backend.app.pipeline.chunking - INFO - Created 34 chunks for DOC0096 (avg size: 384.9 words)
2026-02-26 16:37:22,745 - backend.app.pipeline.chunking - INFO - Chunking text for DOC0097...
2026-02-26 16:37:22,754 - backend.app.pipeline.chunking - INFO - Created 27 chunks for DOC0097 (avg size: 388.4 words)
2026-02-26 16:37:22,755 - backend.app.pipeline.chunking - INFO - Chunking text for DOC0098...
2026-02-26 16:37:22,765 - backend.app.pipeline.chunking - INFO - Created 33 chunks for DOC0098 (avg size: 385.9 words)
2026-02-26 16:37:22,766 - backend.app.pipeline.chunking - INFO - Chunking text for DOC0099...
2026-02-26 16:37:22,779 - backend.app.pipeline.chunking - INFO - Created 29 chunks for DOC0099 (avg size: 339.5 words)
2026-02-26 16:37:22,779 - backend.app.pipeline.chunking - INFO - Chunking text for DOC0100...
2026-02-26 16:37:22,788 - backend.app.pipeline.chunking - INFO - Created 31 chunks for DOC0100 (avg size: 325.4 words)
2026-02-26 16:37:22,789 - backend.app.pipeline.chunking - INFO - Chunking text for DOC0101...
2026-02-26 16:37:22,805 - backend.app.pipeline.chunking - INFO - Created 30 chunks for DOC0101 (avg size: 390.6 words)
2026-02-26 16:37:22,809 - backend.app.pipeline.chunking - INFO - Chunking text for DOC0102...
2026-02-26 16:37:22,830 - backend.app.pipeline.chunking - INFO - Created 30 chunks for DOC0102 (avg size: 339.7 words)
2026-02-26 16:37:22,833 - backend.app.pipeline.chunking - INFO - Chunking text for DOC0103...
2026-02-26 16:37:22,841 - backend.app.pipeline.chunking - INFO - Created 17 chunks for DOC0103 (avg size: 358.4 words)
2026-02-26 16:37:22,844 - backend.app.pipeline.chunking - INFO - Chunking text for DOC0104...
2026-02-26 16:37:22,866 - backend.app.pipeline.chunking - INFO - Created 46 chunks for DOC0104 (avg size: 381.0 words)
2026-02-26 16:37:22,869 - backend.app.pipeline.chunking - INFO - Chunking text for DOC0105...
2026-02-26 16:37:22,905 - backend.app.pipeline.chunking - INFO - Created 21 chunks for DOC0105 (avg size: 354.8 words)
2026-02-26 16:37:22,907 - backend.app.pipeline.chunking - INFO - Chunking text for DOC0106...
2026-02-26 16:37:22,924 - backend.app.pipeline.chunking - INFO - Created 33 chunks for DOC0106 (avg size: 356.6 words)
2026-02-26 16:37:22,926 - backend.app.pipeline.chunking - INFO - Chunking text for DOC0107...
2026-02-26 16:37:22,943 - backend.app.pipeline.chunking - INFO - Created 40 chunks for DOC0107 (avg size: 388.5 words)
2026-02-26 16:37:22,944 - backend.app.pipeline.chunking - INFO - Chunking text for DOC0108...
2026-02-26 16:37:22,951 - backend.app.pipeline.chunking - INFO - Created 27 chunks for DOC0108 (avg size: 316.0 words)
2026-02-26 16:37:22,952 - backend.app.pipeline.chunking - INFO - Chunking text for DOC0109...
2026-02-26 16:37:22,959 - backend.app.pipeline.chunking - INFO - Created 21 chunks for DOC0109 (avg size: 329.8 words)
2026-02-26 16:37:22,960 - backend.app.pipeline.chunking - INFO - Chunking text for DOC0110...
2026-02-26 16:37:22,973 - backend.app.pipeline.chunking - INFO - Created 38 chunks for DOC0110 (avg size: 371.5 words)
2026-02-26 16:37:22,974 - backend.app.pipeline.chunking - INFO - Chunking text for DOC0111...
2026-02-26 16:37:22,991 - backend.app.pipeline.chunking - INFO - Created 40 chunks for DOC0111 (avg size: 304.5 words)
2026-02-26 16:37:22,992 - backend.app.pipeline.chunking - INFO - Chunking text for DOC0112...
2026-02-26 16:37:22,998 - backend.app.pipeline.chunking - INFO - Created 10 chunks for DOC0112 (avg size: 321.9 words)
2026-02-26 16:37:23,002 - backend.app.pipeline.chunking - INFO - Chunking text for DOC0113...
2026-02-26 16:37:23,010 - backend.app.pipeline.chunking - INFO - Created 29 chunks for DOC0113 (avg size: 371.9 words)
2026-02-26 16:37:23,010 - backend.app.pipeline.chunking - INFO - Chunking text for DOC0114...
2026-02-26 16:37:23,020 - backend.app.pipeline.chunking - INFO - Created 29 chunks for DOC0114 (avg size: 371.9 words)
2026-02-26 16:37:23,021 - backend.app.pipeline.chunking - INFO - Chunking text for DOC0115...
2026-02-26 16:37:23,041 - backend.app.pipeline.chunking - INFO - Created 41 chunks for DOC0115 (avg size: 365.4 words)
2026-02-26 16:37:23,042 - backend.app.pipeline.chunking - INFO - Chunking text for DOC0116...
2026-02-26 16:37:23,055 - backend.app.pipeline.chunking - INFO - Created 18 chunks for DOC0116 (avg size: 367.4 words)
2026-02-26 16:37:23,057 - backend.app.pipeline.chunking - INFO - Chunking text for DOC0117...
2026-02-26 16:37:23,070 - backend.app.pipeline.chunking - INFO - Created 32 chunks for DOC0117 (avg size: 318.5 words)
2026-02-26 16:37:23,071 - backend.app.pipeline.chunking - INFO - Chunking text for DOC0118...
2026-02-26 16:37:23,079 - backend.app.pipeline.chunking - INFO - Created 35 chunks for DOC0118 (avg size: 400.1 words)
2026-02-26 16:37:23,079 - backend.app.pipeline.chunking - INFO - Chunking text for DOC0119...
2026-02-26 16:37:23,088 - backend.app.pipeline.chunking - INFO - Created 18 chunks for DOC0119 (avg size: 344.6 words)
2026-02-26 16:37:23,089 - backend.app.pipeline.chunking - INFO - Chunking text for DOC0120...
2026-02-26 16:37:23,091 - backend.app.pipeline.chunking - INFO - Created 2 chunks for DOC0120 (avg size: 428.5 words)
2026-02-26 16:37:23,092 - backend.app.pipeline.chunking - INFO - Chunking text for DOC0121...
2026-02-26 16:37:23,100 - backend.app.pipeline.chunking - INFO - Created 19 chunks for DOC0121 (avg size: 387.4 words)
2026-02-26 16:37:23,101 - backend.app.pipeline.chunking - INFO - Chunking text for DOC0122...
2026-02-26 16:37:23,113 - backend.app.pipeline.chunking - INFO - Created 31 chunks for DOC0122 (avg size: 354.6 words)
2026-02-26 16:37:23,115 - backend.app.pipeline.chunking - INFO - Chunking text for DOC0123...
2026-02-26 16:37:23,129 - backend.app.pipeline.chunking - INFO - Created 34 chunks for DOC0123 (avg size: 371.3 words)
2026-02-26 16:37:23,130 - backend.app.pipeline.chunking - INFO - Chunking text for DOC0124...
2026-02-26 16:37:23,139 - backend.app.pipeline.chunking - INFO - Created 27 chunks for DOC0124 (avg size: 349.5 words)
2026-02-26 16:37:23,140 - backend.app.pipeline.chunking - INFO - Chunking text for DOC0125...
2026-02-26 16:37:23,152 - backend.app.pipeline.chunking - INFO - Created 29 chunks for DOC0125 (avg size: 339.7 words)
2026-02-26 16:37:23,153 - backend.app.pipeline.chunking - INFO - Chunking text for DOC0126...
2026-02-26 16:37:23,165 - backend.app.pipeline.chunking - INFO - Created 27 chunks for DOC0126 (avg size: 360.5 words)
2026-02-26 16:37:23,166 - backend.app.pipeline.chunking - INFO - Chunking text for DOC0127...
2026-02-26 16:37:23,176 - backend.app.pipeline.chunking - INFO - Created 41 chunks for DOC0127 (avg size: 311.4 words)
2026-02-26 16:37:23,177 - backend.app.pipeline.chunking - INFO - Chunking text for DOC0128...
2026-02-26 16:37:23,186 - backend.app.pipeline.chunking - INFO - Created 33 chunks for DOC0128 (avg size: 342.8 words)
2026-02-26 16:37:23,187 - backend.app.pipeline.chunking - INFO - Chunking text for DOC0129...
2026-02-26 16:37:23,195 - backend.app.pipeline.chunking - INFO - Created 35 chunks for DOC0129 (avg size: 328.6 words)
2026-02-26 16:37:23,196 - backend.app.pipeline.chunking - INFO - Chunking text for DOC0130...
2026-02-26 16:37:23,203 - backend.app.pipeline.chunking - INFO - Created 17 chunks for DOC0130 (avg size: 385.1 words)
2026-02-26 16:37:23,204 - backend.app.pipeline.chunking - INFO - Chunking text for DOC0131...
2026-02-26 16:37:23,211 - backend.app.pipeline.chunking - INFO - Created 28 chunks for DOC0131 (avg size: 363.1 words)
2026-02-26 16:37:23,211 - backend.app.pipeline.chunking - INFO - Chunking text for DOC0132...
2026-02-26 16:37:23,222 - backend.app.pipeline.chunking - INFO - Created 36 chunks for DOC0132 (avg size: 339.1 words)
2026-02-26 16:37:23,223 - backend.app.pipeline.chunking - INFO - Chunking text for DOC0133...
2026-02-26 16:37:23,224 - backend.app.pipeline.chunking - WARNING - Empty cleaned text for DOC0133
2026-02-26 16:37:23,224 - backend.app.pipeline.chunking - INFO - Chunking text for DOC0134...
2026-02-26 16:37:23,235 - backend.app.pipeline.chunking - INFO - Created 24 chunks for DOC0134 (avg size: 326.5 words)
2026-02-26 16:37:23,236 - backend.app.pipeline.chunking - INFO - Chunking text for DOC0135...
2026-02-26 16:37:23,253 - backend.app.pipeline.chunking - INFO - Created 22 chunks for DOC0135 (avg size: 366.7 words)
2026-02-26 16:37:23,254 - backend.app.pipeline.chunking - INFO - Chunking text for DOC0136...
2026-02-26 16:37:23,266 - backend.app.pipeline.chunking - INFO - Created 22 chunks for DOC0136 (avg size: 392.5 words)
2026-02-26 16:37:23,267 - backend.app.pipeline.chunking - INFO - Chunking text for DOC0137...
2026-02-26 16:37:23,282 - backend.app.pipeline.chunking - INFO - Created 38 chunks for DOC0137 (avg size: 337.5 words)
2026-02-26 16:37:23,284 - backend.app.pipeline.chunking - INFO - Chunking text for DOC0138...
2026-02-26 16:37:23,300 - backend.app.pipeline.chunking - INFO - Created 43 chunks for DOC0138 (avg size: 363.0 words)
2026-02-26 16:37:23,301 - backend.app.pipeline.chunking - INFO - Chunking text for DOC0139...
2026-02-26 16:37:23,311 - backend.app.pipeline.chunking - INFO - Created 26 chunks for DOC0139 (avg size: 361.0 words)
2026-02-26 16:37:23,313 - backend.app.pipeline.chunking - INFO - Chunking text for DOC0140...
2026-02-26 16:37:23,321 - backend.app.pipeline.chunking - INFO - Created 23 chunks for DOC0140 (avg size: 385.4 words)
2026-02-26 16:37:23,322 - backend.app.pipeline.chunking - INFO - Chunking text for DOC0141...
2026-02-26 16:37:23,335 - backend.app.pipeline.chunking - INFO - Created 32 chunks for DOC0141 (avg size: 351.5 words)
2026-02-26 16:37:23,337 - backend.app.pipeline.chunking - INFO - Chunking text for DOC0142...
2026-02-26 16:37:23,352 - backend.app.pipeline.chunking - INFO - Created 26 chunks for DOC0142 (avg size: 338.8 words)
2026-02-26 16:37:23,354 - backend.app.pipeline.chunking - INFO - Chunking text for DOC0143...
2026-02-26 16:37:23,378 - backend.app.pipeline.chunking - INFO - Created 33 chunks for DOC0143 (avg size: 367.2 words)
2026-02-26 16:37:23,379 - backend.app.pipeline.chunking - INFO - Chunking text for DOC0144...
2026-02-26 16:37:23,383 - backend.app.pipeline.chunking - INFO - Created 5 chunks for DOC0144 (avg size: 389.0 words)
2026-02-26 16:37:23,385 - backend.app.pipeline.chunking - INFO - Chunking text for DOC0145...
2026-02-26 16:37:23,397 - backend.app.pipeline.chunking - INFO - Created 32 chunks for DOC0145 (avg size: 385.9 words)
2026-02-26 16:37:23,397 - backend.app.pipeline.chunking - INFO - Chunking text for DOC0146...
2026-02-26 16:37:23,403 - backend.app.pipeline.chunking - INFO - Created 18 chunks for DOC0146 (avg size: 336.3 words)
2026-02-26 16:37:23,403 - backend.app.pipeline.chunking - INFO - Chunking text for DOC0147...
2026-02-26 16:37:23,410 - backend.app.pipeline.chunking - INFO - Created 25 chunks for DOC0147 (avg size: 343.4 words)
2026-02-26 16:37:23,411 - backend.app.pipeline.chunking - INFO - Chunking text for DOC0148...
2026-02-26 16:37:23,415 - backend.app.pipeline.chunking - INFO - Created 13 chunks for DOC0148 (avg size: 383.9 words)
2026-02-26 16:37:23,417 - backend.app.pipeline.chunking - INFO - Chunking text for DOC0149...
2026-02-26 16:37:23,422 - backend.app.pipeline.chunking - INFO - Created 23 chunks for DOC0149 (avg size: 367.2 words)
2026-02-26 16:37:23,423 - backend.app.pipeline.chunking - INFO - Chunking text for DOC0150...
2026-02-26 16:37:23,430 - backend.app.pipeline.chunking - INFO - Created 27 chunks for DOC0150 (avg size: 359.9 words)
2026-02-26 16:37:23,430 - backend.app.pipeline.chunking - INFO - Chunking text for DOC0151...
2026-02-26 16:37:23,434 - backend.app.pipeline.chunking - INFO - Created 9 chunks for DOC0151 (avg size: 382.4 words)
2026-02-26 16:37:23,435 - backend.app.pipeline.chunking - INFO - Chunking text for DOC0152...
2026-02-26 16:37:23,436 - backend.app.pipeline.chunking - WARNING - Empty cleaned text for DOC0152
2026-02-26 16:37:23,437 - backend.app.pipeline.chunking - INFO - Chunking text for DOC0153...
2026-02-26 16:37:23,444 - backend.app.pipeline.chunking - INFO - Created 33 chunks for DOC0153 (avg size: 327.4 words)
2026-02-26 16:37:23,445 - backend.app.pipeline.chunking - INFO - Chunking text for DOC0154...
2026-02-26 16:37:23,451 - backend.app.pipeline.chunking - INFO - Created 28 chunks for DOC0154 (avg size: 378.6 words)
2026-02-26 16:37:23,452 - backend.app.pipeline.chunking - INFO - Chunking text for DOC0155...
2026-02-26 16:37:23,461 - backend.app.pipeline.chunking - INFO - Created 25 chunks for DOC0155 (avg size: 355.7 words)
2026-02-26 16:37:23,461 - backend.app.pipeline.chunking - INFO - Chunking text for DOC0156...
2026-02-26 16:37:23,467 - backend.app.pipeline.chunking - INFO - Created 29 chunks for DOC0156 (avg size: 333.0 words)
2026-02-26 16:37:23,468 - backend.app.pipeline.chunking - INFO - Chunking text for DOC0157...
2026-02-26 16:37:23,470 - backend.app.pipeline.chunking - INFO - Created 1 chunks for DOC0157 (avg size: 362.0 words)
2026-02-26 16:37:23,471 - backend.app.pipeline.chunking - INFO - Chunking text for DOC0158...
2026-02-26 16:37:23,479 - backend.app.pipeline.chunking - INFO - Created 36 chunks for DOC0158 (avg size: 370.8 words)
2026-02-26 16:37:23,479 - backend.app.pipeline.chunking - INFO - Chunking text for DOC0159...
2026-02-26 16:37:23,484 - backend.app.pipeline.chunking - INFO - Created 20 chunks for DOC0159 (avg size: 337.6 words)
2026-02-26 16:37:23,485 - backend.app.pipeline.chunking - INFO - Chunking text for DOC0160...
2026-02-26 16:37:23,489 - backend.app.pipeline.chunking - INFO - Created 8 chunks for DOC0160 (avg size: 353.0 words)
2026-02-26 16:37:23,490 - backend.app.pipeline.chunking - INFO - Chunking text for DOC0161...
2026-02-26 16:37:23,498 - backend.app.pipeline.chunking - INFO - Created 44 chunks for DOC0161 (avg size: 348.0 words)
2026-02-26 16:37:23,499 - backend.app.pipeline.chunking - INFO - Chunking text for DOC0162...
2026-02-26 16:37:23,504 - backend.app.pipeline.chunking - INFO - Created 17 chunks for DOC0162 (avg size: 425.6 words)
2026-02-26 16:37:23,505 - backend.app.pipeline.chunking - INFO - Chunking text for DOC0163...
2026-02-26 16:37:23,513 - backend.app.pipeline.chunking - INFO - Created 40 chunks for DOC0163 (avg size: 404.5 words)
2026-02-26 16:37:23,514 - backend.app.pipeline.chunking - INFO - Chunking text for DOC0164...
2026-02-26 16:37:23,523 - backend.app.pipeline.chunking - INFO - Created 33 chunks for DOC0164 (avg size: 344.9 words)
2026-02-26 16:37:23,524 - backend.app.pipeline.chunking - INFO - Chunking text for DOC0165...
2026-02-26 16:37:23,531 - backend.app.pipeline.chunking - INFO - Created 32 chunks for DOC0165 (avg size: 370.6 words)
2026-02-26 16:37:23,532 - backend.app.pipeline.chunking - INFO - Chunking text for DOC0166...
2026-02-26 16:37:23,540 - backend.app.pipeline.chunking - INFO - Created 32 chunks for DOC0166 (avg size: 337.2 words)
2026-02-26 16:37:23,541 - backend.app.pipeline.chunking - INFO - Chunking text for DOC0167...
2026-02-26 16:37:23,547 - backend.app.pipeline.chunking - INFO - Created 11 chunks for DOC0167 (avg size: 605.0 words)
2026-02-26 16:37:23,548 - backend.app.pipeline.chunking - INFO - Chunking text for DOC0168...
2026-02-26 16:37:23,564 - backend.app.pipeline.chunking - INFO - Created 38 chunks for DOC0168 (avg size: 313.4 words)
2026-02-26 16:37:23,568 - backend.app.pipeline.chunking - INFO - Chunking text for DOC0169...
2026-02-26 16:37:23,575 - backend.app.pipeline.chunking - INFO - Created 26 chunks for DOC0169 (avg size: 358.6 words)
2026-02-26 16:37:23,576 - backend.app.pipeline.chunking - INFO - Chunking text for DOC0170...
2026-02-26 16:37:23,618 - backend.app.pipeline.chunking - INFO - Created 30 chunks for DOC0170 (avg size: 331.9 words)
2026-02-26 16:37:23,638 - backend.app.pipeline.chunking - INFO - Chunking text for DOC0171...
2026-02-26 16:37:23,643 - backend.app.pipeline.chunking - INFO - Created 3 chunks for DOC0171 (avg size: 392.7 words)
2026-02-26 16:37:23,647 - backend.app.pipeline.chunking - INFO - Chunking text for DOC0172...
2026-02-26 16:37:23,667 - backend.app.pipeline.chunking - INFO - Created 33 chunks for DOC0172 (avg size: 366.3 words)
2026-02-26 16:37:23,668 - backend.app.pipeline.chunking - INFO - Chunking text for DOC0173...
2026-02-26 16:37:23,673 - backend.app.pipeline.chunking - INFO - Created 8 chunks for DOC0173 (avg size: 312.5 words)
2026-02-26 16:37:23,675 - backend.app.pipeline.chunking - INFO - Saving 4306 total chunks to C:\Users\USER\Desktop\NLP Data\artifacts\chunks\all_chunks.jsonl...
2026-02-26 16:37:24,003 - __main__ - INFO - ✓ Chunking completed: 4,306 total chunks
2026-02-26 16:37:24,004 - __main__ - INFO - 
[Step 4.5] Updating metadata with chunk statistics...
2026-02-26 16:37:24,221 - __main__ - INFO - ✓ Metadata updated with chunk statistics
2026-02-26 16:37:24,221 - __main__ - INFO - 
[Step 4.6] Generating EDA visualizations (after chunking)...
2026-02-26 16:37:24,222 - backend.app.pipeline.eda_visualizations - INFO - Generating EDA visualizations...
2026-02-26 16:37:24,851 - backend.app.pipeline.eda_visualizations - INFO - Saved document length distribution to C:\Users\USER\Desktop\NLP Data\artifacts\reports\document_length_distribution.png
2026-02-26 16:37:25,753 - backend.app.pipeline.eda_visualizations - INFO - Saved chunk size distribution to C:\Users\USER\Desktop\NLP Data\artifacts\reports\chunk_size_distribution.png
2026-02-26 16:37:26,736 - backend.app.pipeline.eda_visualizations - INFO - Saved chunks per document plot to C:\Users\USER\Desktop\NLP Data\artifacts\reports\chunks_per_document.png
2026-02-26 16:37:27,428 - backend.app.pipeline.eda_visualizations - INFO - Saved document type distribution to C:\Users\USER\Desktop\NLP Data\artifacts\reports\document_type_distribution.png
2026-02-26 16:37:27,836 - backend.app.pipeline.eda_visualizations - INFO - Saved year distribution to C:\Users\USER\Desktop\NLP Data\artifacts\reports\year_distribution.png
2026-02-26 16:37:27,836 - backend.app.pipeline.eda_visualizations - INFO - EDA visualizations completed
2026-02-26 16:37:27,837 - __main__ - INFO - 
================================================================================
2026-02-26 16:37:27,837 - __main__ - INFO - [Step 5] Embedding generation
2026-02-26 16:37:27,837 - __main__ - INFO - ================================================================================
2026-02-26 16:37:27,838 - backend.app.pipeline.embeddings - INFO - Loading model: sentence-transformers/all-MiniLM-L6-v2
2026-02-26 16:37:27,840 - sentence_transformers.SentenceTransformer - INFO - Load pretrained SentenceTransformer: sentence-transformers/all-MiniLM-L6-v2
2026-02-26 16:37:29,099 - httpx - INFO - HTTP Request: HEAD https://huggingface.co/sentence-transformers/all-MiniLM-L6-v2/resolve/main/modules.json "HTTP/1.1 307 Temporary Redirect"
2026-02-26 16:37:29,132 - httpx - INFO - HTTP Request: HEAD https://huggingface.co/api/resolve-cache/models/sentence-transformers/all-MiniLM-L6-v2/c9745ed1d9f207416be6d2e6f8de32d1f16199bf/modules.json "HTTP/1.1 200 OK"
2026-02-26 16:37:29,489 - httpx - INFO - HTTP Request: HEAD https://huggingface.co/sentence-transformers/all-MiniLM-L6-v2/resolve/main/config_sentence_transformers.json "HTTP/1.1 307 Temporary Redirect"
2026-02-26 16:37:29,553 - httpx - INFO - HTTP Request: HEAD https://huggingface.co/api/resolve-cache/models/sentence-transformers/all-MiniLM-L6-v2/c9745ed1d9f207416be6d2e6f8de32d1f16199bf/config_sentence_transformers.json "HTTP/1.1 200 OK"
2026-02-26 16:37:29,829 - httpx - INFO - HTTP Request: HEAD https://huggingface.co/sentence-transformers/all-MiniLM-L6-v2/resolve/main/config_sentence_transformers.json "HTTP/1.1 307 Temporary Redirect"
2026-02-26 16:37:29,830 - huggingface_hub.utils._http - WARNING - Warning: You are sending unauthenticated requests to the HF Hub. Please set a HF_TOKEN to enable higher rate limits and faster downloads.
2026-02-26 16:37:29,866 - httpx - INFO - HTTP Request: HEAD https://huggingface.co/api/resolve-cache/models/sentence-transformers/all-MiniLM-L6-v2/c9745ed1d9f207416be6d2e6f8de32d1f16199bf/config_sentence_transformers.json "HTTP/1.1 200 OK"
2026-02-26 16:37:30,131 - httpx - INFO - HTTP Request: HEAD https://huggingface.co/sentence-transformers/all-MiniLM-L6-v2/resolve/main/README.md "HTTP/1.1 307 Temporary Redirect"
2026-02-26 16:37:30,291 - httpx - INFO - HTTP Request: HEAD https://huggingface.co/api/resolve-cache/models/sentence-transformers/all-MiniLM-L6-v2/c9745ed1d9f207416be6d2e6f8de32d1f16199bf/README.md "HTTP/1.1 200 OK"
2026-02-26 16:37:30,794 - httpx - INFO - HTTP Request: HEAD https://huggingface.co/sentence-transformers/all-MiniLM-L6-v2/resolve/main/modules.json "HTTP/1.1 307 Temporary Redirect"
2026-02-26 16:37:30,834 - httpx - INFO - HTTP Request: HEAD https://huggingface.co/api/resolve-cache/models/sentence-transformers/all-MiniLM-L6-v2/c9745ed1d9f207416be6d2e6f8de32d1f16199bf/modules.json "HTTP/1.1 200 OK"
2026-02-26 16:37:31,252 - httpx - INFO - HTTP Request: HEAD https://huggingface.co/sentence-transformers/all-MiniLM-L6-v2/resolve/main/sentence_bert_config.json "HTTP/1.1 307 Temporary Redirect"
2026-02-26 16:37:31,292 - httpx - INFO - HTTP Request: HEAD https://huggingface.co/api/resolve-cache/models/sentence-transformers/all-MiniLM-L6-v2/c9745ed1d9f207416be6d2e6f8de32d1f16199bf/sentence_bert_config.json "HTTP/1.1 200 OK"
2026-02-26 16:37:31,579 - httpx - INFO - HTTP Request: HEAD https://huggingface.co/sentence-transformers/all-MiniLM-L6-v2/resolve/main/adapter_config.json "HTTP/1.1 404 Not Found"
2026-02-26 16:37:31,847 - httpx - INFO - HTTP Request: HEAD https://huggingface.co/sentence-transformers/all-MiniLM-L6-v2/resolve/main/config.json "HTTP/1.1 307 Temporary Redirect"
2026-02-26 16:37:31,889 - httpx - INFO - HTTP Request: HEAD https://huggingface.co/api/resolve-cache/models/sentence-transformers/all-MiniLM-L6-v2/c9745ed1d9f207416be6d2e6f8de32d1f16199bf/config.json "HTTP/1.1 200 OK"
2026-02-26 16:37:33,308 - httpx - INFO - HTTP Request: HEAD https://huggingface.co/sentence-transformers/all-MiniLM-L6-v2/resolve/main/config.json "HTTP/1.1 307 Temporary Redirect"
2026-02-26 16:37:33,346 - httpx - INFO - HTTP Request: HEAD https://huggingface.co/api/resolve-cache/models/sentence-transformers/all-MiniLM-L6-v2/c9745ed1d9f207416be6d2e6f8de32d1f16199bf/config.json "HTTP/1.1 200 OK"
2026-02-26 16:37:33,614 - httpx - INFO - HTTP Request: HEAD https://huggingface.co/sentence-transformers/all-MiniLM-L6-v2/resolve/main/tokenizer_config.json "HTTP/1.1 307 Temporary Redirect"
2026-02-26 16:37:33,662 - httpx - INFO - HTTP Request: HEAD https://huggingface.co/api/resolve-cache/models/sentence-transformers/all-MiniLM-L6-v2/c9745ed1d9f207416be6d2e6f8de32d1f16199bf/tokenizer_config.json "HTTP/1.1 200 OK"
2026-02-26 16:37:34,218 - httpx - INFO - HTTP Request: GET https://huggingface.co/api/models/sentence-transformers/all-MiniLM-L6-v2/tree/main/additional_chat_templates?recursive=false&expand=false "HTTP/1.1 404 Not Found"
2026-02-26 16:37:34,494 - httpx - INFO - HTTP Request: GET https://huggingface.co/api/models/sentence-transformers/all-MiniLM-L6-v2/tree/main?recursive=true&expand=false "HTTP/1.1 200 OK"
2026-02-26 16:37:35,654 - httpx - INFO - HTTP Request: HEAD https://huggingface.co/sentence-transformers/all-MiniLM-L6-v2/resolve/main/1_Pooling/config.json "HTTP/1.1 307 Temporary Redirect"
2026-02-26 16:37:35,702 - httpx - INFO - HTTP Request: HEAD https://huggingface.co/api/resolve-cache/models/sentence-transformers/all-MiniLM-L6-v2/c9745ed1d9f207416be6d2e6f8de32d1f16199bf/1_Pooling%2Fconfig.json "HTTP/1.1 200 OK"
2026-02-26 16:37:35,996 - httpx - INFO - HTTP Request: GET https://huggingface.co/api/models/sentence-transformers/all-MiniLM-L6-v2 "HTTP/1.1 200 OK"
2026-02-26 16:37:36,148 - backend.app.pipeline.embeddings - INFO - Loading chunks from C:\Users\USER\Desktop\NLP Data\artifacts\chunks\all_chunks.jsonl...
2026-02-26 16:37:50,160 - backend.app.pipeline.embeddings - WARNING - ⚠ 1941 chunks were truncated to fit token limit (512 tokens)
2026-02-26 16:37:50,160 - backend.app.pipeline.embeddings - INFO - Generating embeddings for 4306 chunks...
2026-02-26 16:44:46,078 - backend.app.pipeline.embeddings - INFO - Generated embeddings shape: (4306, 384)
2026-02-26 16:44:46,142 - backend.app.pipeline.embeddings - INFO - Saved chunk embeddings to C:\Users\USER\Desktop\NLP Data\artifacts\embeddings\chunk_embeddings.npy
2026-02-26 16:44:46,341 - backend.app.pipeline.embeddings - INFO - Saved chunk map to C:\Users\USER\Desktop\NLP Data\artifacts\embeddings\chunk_map.json
2026-02-26 16:44:46,341 - backend.app.pipeline.embeddings - INFO - Generating document-level embeddings...
2026-02-26 16:44:46,357 - backend.app.pipeline.embeddings - INFO - Saved document-level embeddings to C:\Users\USER\Desktop\NLP Data\artifacts\embeddings\doc_embeddings.npy
2026-02-26 16:44:46,362 - backend.app.pipeline.embeddings - INFO - Saved document embedding map to C:\Users\USER\Desktop\NLP Data\artifacts\embeddings\doc_embedding_map.json
2026-02-26 16:44:46,364 - backend.app.pipeline.embeddings - INFO - Saved embeddings metadata to C:\Users\USER\Desktop\NLP Data\artifacts\embeddings\embeddings_meta.json
2026-02-26 16:44:46,367 - __main__ - INFO - ✓ Embeddings generated: 4,306 chunks
2026-02-26 16:44:46,368 - __main__ - INFO - 
[Step 5.5] Generating abstract embeddings...
2026-02-26 16:44:46,368 - backend.app.pipeline.embeddings - INFO - Loading model for abstract embeddings: sentence-transformers/all-MiniLM-L6-v2
2026-02-26 16:44:46,371 - sentence_transformers.SentenceTransformer - INFO - Load pretrained SentenceTransformer: sentence-transformers/all-MiniLM-L6-v2
2026-02-26 16:44:46,843 - huggingface_hub.utils._http - WARNING - '[Errno 11001] getaddrinfo failed' thrown while requesting HEAD https://huggingface.co/sentence-transformers/all-MiniLM-L6-v2/resolve/main/adapter_config.json
2026-02-26 16:44:46,844 - huggingface_hub.utils._http - WARNING - Retrying in 1s [Retry 1/5].
2026-02-26 16:44:47,846 - __main__ - ERROR - 
❌ Pipeline failed with error: Cannot send a request, as the client has been closed.
Traceback (most recent call last):
  File "c:\Users\USER\Desktop\NLP Data\run_pipeline.py", line 214, in run_pipeline
    abstract_embeddings_result = generate_abstract_embeddings(
        metadata_df, cleaned_text_dir, embeddings_dir, config
    )
  File "c:\Users\USER\Desktop\NLP Data\backend\app\pipeline\embeddings.py", line 215, in generate_abstract_embeddings
    model = SentenceTransformer(model_name, device=device)
  File "C:\Users\USER\miniconda3\Lib\site-packages\sentence_transformers\SentenceTransformer.py", line 327, in __init__
    modules, self.module_kwargs = self._load_sbert_model(
                                  ~~~~~~~~~~~~~~~~~~~~~~^
        model_name_or_path,
        ^^^^^^^^^^^^^^^^^^^
    ...<7 lines>...
        config_kwargs=config_kwargs,
        ^^^^^^^^^^^^^^^^^^^^^^^^^^^^
    )
    ^
  File "C:\Users\USER\miniconda3\Lib\site-packages\sentence_transformers\SentenceTransformer.py", line 2305, in _load_sbert_model
    module = module_class.load(
        model_name_or_path,
    ...<11 lines>...
        backend=self.backend,
    )
  File "C:\Users\USER\miniconda3\Lib\site-packages\sentence_transformers\models\Transformer.py", line 366, in load
    return cls(model_name_or_path=model_name_or_path, **init_kwargs)
  File "C:\Users\USER\miniconda3\Lib\site-packages\sentence_transformers\models\Transformer.py", line 88, in __init__
    config, is_peft_model = self._load_config(model_name_or_path, cache_dir, backend, config_args)
                            ~~~~~~~~~~~~~~~~~^^^^^^^^^^^^^^^^^^^^^^^^^^^^^^^^^^^^^^^^^^^^^^^^^^^^^
  File "C:\Users\USER\miniconda3\Lib\site-packages\sentence_transformers\models\Transformer.py", line 139, in _load_config
    find_adapter_config_file(
    ~~~~~~~~~~~~~~~~~~~~~~~~^
        model_name_or_path,
        ^^^^^^^^^^^^^^^^^^^
    ...<3 lines>...
        local_files_only=config_args.get("local_files_only", False),
        ^^^^^^^^^^^^^^^^^^^^^^^^^^^^^^^^^^^^^^^^^^^^^^^^^^^^^^^^^^^^
    )
    ^
  File "C:\Users\USER\miniconda3\Lib\site-packages\transformers\utils\peft_utils.py", line 83, in find_adapter_config_file
    adapter_cached_filename = cached_file(
        model_id,
    ...<11 lines>...
        _raise_exceptions_for_connection_errors=False,
    )
  File "C:\Users\USER\miniconda3\Lib\site-packages\transformers\utils\hub.py", line 276, in cached_file
    file = cached_files(path_or_repo_id=path_or_repo_id, filenames=[filename], **kwargs)
  File "C:\Users\USER\miniconda3\Lib\site-packages\transformers\utils\hub.py", line 507, in cached_files
    raise e
  File "C:\Users\USER\miniconda3\Lib\site-packages\transformers\utils\hub.py", line 419, in cached_files
    hf_hub_download(
    ~~~~~~~~~~~~~~~^
        path_or_repo_id,
        ^^^^^^^^^^^^^^^^
    ...<9 lines>...
        local_files_only=local_files_only,
        ^^^^^^^^^^^^^^^^^^^^^^^^^^^^^^^^^^
    )
    ^
  File "C:\Users\USER\miniconda3\Lib\site-packages\huggingface_hub\utils\_validators.py", line 89, in _inner_fn
    return fn(*args, **kwargs)
  File "C:\Users\USER\miniconda3\Lib\site-packages\huggingface_hub\file_download.py", line 1032, in hf_hub_download
    return _hf_hub_download_to_cache_dir(
        # Destination
    ...<15 lines>...
        dry_run=dry_run,
    )
  File "C:\Users\USER\miniconda3\Lib\site-packages\huggingface_hub\file_download.py", line 1165, in _hf_hub_download_to_cache_dir
    _get_metadata_or_catch_error(
    ~~~~~~~~~~~~~~~~~~~~~~~~~~~~^
        repo_id=repo_id,
        ^^^^^^^^^^^^^^^^
    ...<10 lines>...
        retry_on_errors=True,
        ^^^^^^^^^^^^^^^^^^^^^
    )
    ^
  File "C:\Users\USER\miniconda3\Lib\site-packages\huggingface_hub\file_download.py", line 1699, in _get_metadata_or_catch_error
    metadata = get_hf_file_metadata(
        url=url,
    ...<4 lines>...
        retry_on_errors=retry_on_errors,
    )
  File "C:\Users\USER\miniconda3\Lib\site-packages\huggingface_hub\utils\_validators.py", line 89, in _inner_fn
    return fn(*args, **kwargs)
  File "C:\Users\USER\miniconda3\Lib\site-packages\huggingface_hub\file_download.py", line 1622, in get_hf_file_metadata
    response = _httpx_follow_relative_redirects(
        method="HEAD", url=url, headers=hf_headers, timeout=timeout, retry_on_errors=retry_on_errors
    )
  File "C:\Users\USER\miniconda3\Lib\site-packages\huggingface_hub\file_download.py", line 302, in _httpx_follow_relative_redirects
    response = http_backoff(
        method=method,
    ...<3 lines>...
        **no_retry_kwargs,
    )
  File "C:\Users\USER\miniconda3\Lib\site-packages\huggingface_hub\utils\_http.py", line 506, in http_backoff
    return next(
        _http_backoff_base(
    ...<9 lines>...
        )
    )
  File "C:\Users\USER\miniconda3\Lib\site-packages\huggingface_hub\utils\_http.py", line 414, in _http_backoff_base
    response = client.request(method=method, url=url, **kwargs)
  File "C:\Users\USER\miniconda3\Lib\site-packages\httpx\_client.py", line 825, in request
    return self.send(request, auth=auth, follow_redirects=follow_redirects)
           ~~~~~~~~~^^^^^^^^^^^^^^^^^^^^^^^^^^^^^^^^^^^^^^^^^^^^^^^^^^^^^^^
  File "C:\Users\USER\miniconda3\Lib\site-packages\httpx\_client.py", line 901, in send
    raise RuntimeError("Cannot send a request, as the client has been closed.")
RuntimeError: Cannot send a request, as the client has been closed.
